[INFO] Scanning for projects...
[INFO] 
[INFO] -------< io.helidon.build-tools:helidon-archetype-maven-plugin >--------
[INFO] Building Helidon Archetype Maven Plugin 3.0.0-SNAPSHOT
[INFO] ----------------------------[ maven-plugin ]----------------------------
[INFO] 
[INFO] --- maven-clean-plugin:3.1.0:clean (default-clean) @ helidon-archetype-maven-plugin ---
[INFO] Deleting /Users/batsatt/dev/helidon-build-tools/maven-plugins/helidon-archetype-maven-plugin/target
[INFO] 
[INFO] --- buildnumber-maven-plugin:1.4:create (default) @ helidon-archetype-maven-plugin ---
[INFO] ShortRevision tag detected. The value is '8'.
[INFO] Executing: /bin/sh -c cd '/Users/batsatt/dev/helidon-build-tools/maven-plugins/helidon-archetype-maven-plugin' && 'git' 'rev-parse' '--verify' '--short=8' 'HEAD'
[INFO] Working directory: /Users/batsatt/dev/helidon-build-tools/maven-plugins/helidon-archetype-maven-plugin
[INFO] Storing buildNumber: ba01372a at timestamp: 2022-01-12 15:05:00 PST
[INFO] Storing buildScmBranch: archetype-integration-tests
[INFO] 
[INFO] --- directory-maven-plugin:0.1:highest-basedir (generate-top-parent-basedir) @ helidon-archetype-maven-plugin ---
[INFO] Highest basedir set to: /Users/batsatt/dev/helidon-build-tools
[INFO] 
[INFO] --- maven-resources-plugin:2.7:copy-resources (copy-license) @ helidon-archetype-maven-plugin ---
[INFO] Using 'UTF-8' encoding to copy filtered resources.
[INFO] Copying 1 resource to META-INF/
[INFO] 
[INFO] --- maven-dependency-plugin:3.0.0:copy (schema) @ helidon-archetype-maven-plugin ---
[INFO] Configured Artifact: io.helidon.build-tools.archetype:helidon-archetype-engine-v2:schema-2.0:3.0.0-SNAPSHOT:xsd
[INFO] Copying helidon-archetype-engine-v2-3.0.0-SNAPSHOT-schema-2.0.xsd to /Users/batsatt/dev/helidon-build-tools/maven-plugins/helidon-archetype-maven-plugin/target/classes/schema-2.0.xsd
[INFO] 
[INFO] --- maven-resources-plugin:2.7:resources (default-resources) @ helidon-archetype-maven-plugin ---
[INFO] Using 'UTF-8' encoding to copy filtered resources.
[INFO] Copying 3 resources
[INFO] 
[INFO] --- maven-compiler-plugin:3.8.1:compile (default-compile) @ helidon-archetype-maven-plugin ---
[INFO] Changes detected - recompiling the module!
[INFO] Compiling 7 source files to /Users/batsatt/dev/helidon-build-tools/maven-plugins/helidon-archetype-maven-plugin/target/classes
[INFO] 
[INFO] --- maven-compiler-plugin:3.8.1:compile (compile-postgenerate) @ helidon-archetype-maven-plugin ---
[INFO] Changes detected - recompiling the module!
[INFO] Compiling 4 source files to /Users/batsatt/dev/helidon-build-tools/maven-plugins/helidon-archetype-maven-plugin/target/classes
[INFO] 
[INFO] --- maven-plugin-plugin:3.6.0:descriptor (default-descriptor) @ helidon-archetype-maven-plugin ---
[INFO] Using 'UTF-8' encoding to read mojo source files.
[INFO] java-javadoc mojo extractor found 0 mojo descriptor.
[INFO] java-annotations mojo extractor found 2 mojo descriptors.
[INFO] 
[INFO] --- maven-resources-plugin:2.7:testResources (default-testResources) @ helidon-archetype-maven-plugin ---
[INFO] Using 'UTF-8' encoding to copy filtered resources.
[INFO] Copying 24 resources
[INFO] 
[INFO] --- maven-compiler-plugin:3.8.1:testCompile (default-testCompile) @ helidon-archetype-maven-plugin ---
[INFO] Changes detected - recompiling the module!
[INFO] Compiling 5 source files to /Users/batsatt/dev/helidon-build-tools/maven-plugins/helidon-archetype-maven-plugin/target/test-classes
[INFO] 
[INFO] --- maven-surefire-plugin:3.0.0-M5:test (default-test) @ helidon-archetype-maven-plugin ---
[INFO] 
[INFO] -------------------------------------------------------
[INFO]  T E S T S
[INFO] -------------------------------------------------------
[INFO] Running io.helidon.build.maven.archetype.ConverterTest
[INFO] Tests run: 1, Failures: 0, Errors: 0, Skipped: 0, Time elapsed: 0.085 s - in io.helidon.build.maven.archetype.ConverterTest
[INFO] Running io.helidon.build.maven.archetype.postgenerate.ReflectedEngineTest
[INFO] Tests run: 1, Failures: 0, Errors: 0, Skipped: 0, Time elapsed: 0.054 s - in io.helidon.build.maven.archetype.postgenerate.ReflectedEngineTest
[INFO] Running io.helidon.build.maven.archetype.SchemaTest
[INFO] Tests run: 3, Failures: 0, Errors: 0, Skipped: 0, Time elapsed: 0.149 s - in io.helidon.build.maven.archetype.SchemaTest
[INFO] Running io.helidon.build.maven.archetype.MustacheHelperTest
[INFO] Tests run: 1, Failures: 0, Errors: 0, Skipped: 0, Time elapsed: 0.01 s - in io.helidon.build.maven.archetype.MustacheHelperTest
[INFO] 
[INFO] Results:
[INFO] 
[INFO] Tests run: 6, Failures: 0, Errors: 0, Skipped: 0
[INFO] 
[INFO] 
[INFO] --- maven-jar-plugin:3.0.2:jar (default-jar) @ helidon-archetype-maven-plugin ---
[INFO] Building jar: /Users/batsatt/dev/helidon-build-tools/maven-plugins/helidon-archetype-maven-plugin/target/helidon-archetype-maven-plugin-3.0.0-SNAPSHOT.jar
[INFO] 
[INFO] --- maven-plugin-plugin:3.6.0:addPluginArtifactMetadata (default-addPluginArtifactMetadata) @ helidon-archetype-maven-plugin ---
[INFO] 
[INFO] --- maven-invoker-plugin:3.2.2:install (default) @ helidon-archetype-maven-plugin ---
[INFO] Installing /Users/batsatt/dev/helidon-build-tools/pom.xml to /Users/batsatt/dev/helidon-build-tools/maven-plugins/helidon-archetype-maven-plugin/target/it-repo/io/helidon/build-tools/helidon-build-tools-project/3.0.0-SNAPSHOT/helidon-build-tools-project-3.0.0-SNAPSHOT.pom
[INFO] Installing /Users/batsatt/dev/helidon-build-tools/maven-plugins/helidon-archetype-maven-plugin/pom.xml to /Users/batsatt/dev/helidon-build-tools/maven-plugins/helidon-archetype-maven-plugin/target/it-repo/io/helidon/build-tools/helidon-archetype-maven-plugin/3.0.0-SNAPSHOT/helidon-archetype-maven-plugin-3.0.0-SNAPSHOT.pom
[INFO] Installing /Users/batsatt/dev/helidon-build-tools/maven-plugins/helidon-archetype-maven-plugin/target/helidon-archetype-maven-plugin-3.0.0-SNAPSHOT.jar to /Users/batsatt/dev/helidon-build-tools/maven-plugins/helidon-archetype-maven-plugin/target/it-repo/io/helidon/build-tools/helidon-archetype-maven-plugin/3.0.0-SNAPSHOT/helidon-archetype-maven-plugin-3.0.0-SNAPSHOT.jar
[INFO] 
[INFO] --- maven-invoker-plugin:3.2.2:integration-test (default) @ helidon-archetype-maven-plugin ---
[INFO] Building: projects/test1/pom.xml
[INFO] [INFO] Error stacktraces are turned on.
[INFO] [INFO] Scanning for projects...
[INFO] [INFO] Downloading from local.central: file:///Users/batsatt/.m2/repository/io/helidon/helidon-bom/2.2.2/helidon-bom-2.2.2.pom
[INFO] [INFO] Downloaded from local.central: file:///Users/batsatt/.m2/repository/io/helidon/helidon-bom/2.2.2/helidon-bom-2.2.2.pom (41 kB at 1.1 MB/s)
[INFO] [INFO] Downloading from local.central: file:///Users/batsatt/.m2/repository/io/helidon/helidon-parent/2.2.2/helidon-parent-2.2.2.pom
[INFO] [INFO] Downloaded from local.central: file:///Users/batsatt/.m2/repository/io/helidon/helidon-parent/2.2.2/helidon-parent-2.2.2.pom (9.7 kB at 1.9 MB/s)
[INFO] [INFO] Downloading from local.central: file:///Users/batsatt/.m2/repository/org/codehaus/plexus/plexus-classworlds/2.5.2/plexus-classworlds-2.5.2.pom
[INFO] [INFO] Downloaded from local.central: file:///Users/batsatt/.m2/repository/org/codehaus/plexus/plexus-classworlds/2.5.2/plexus-classworlds-2.5.2.pom (7.3 kB at 1.2 MB/s)
[INFO] [INFO] Downloading from local.central: file:///Users/batsatt/.m2/repository/org/codehaus/plexus/plexus/3.3.1/plexus-3.3.1.pom
[INFO] [INFO] Downloaded from local.central: file:///Users/batsatt/.m2/repository/org/codehaus/plexus/plexus/3.3.1/plexus-3.3.1.pom (20 kB at 4.1 MB/s)
[INFO] [INFO] Downloading from local.central: file:///Users/batsatt/.m2/repository/org/sonatype/spice/spice-parent/17/spice-parent-17.pom
[INFO] [INFO] Downloaded from local.central: file:///Users/batsatt/.m2/repository/org/sonatype/spice/spice-parent/17/spice-parent-17.pom (6.8 kB at 1.4 MB/s)
[INFO] [INFO] Downloading from local.central: file:///Users/batsatt/.m2/repository/org/sonatype/plexus/plexus-cipher/1.4/plexus-cipher-1.4.pom
[INFO] [INFO] Downloaded from local.central: file:///Users/batsatt/.m2/repository/org/sonatype/plexus/plexus-cipher/1.4/plexus-cipher-1.4.pom (2.1 kB at 413 kB/s)
[INFO] [INFO] Downloading from local.central: file:///Users/batsatt/.m2/repository/commons-io/commons-io/2.6/commons-io-2.6.pom
[INFO] [INFO] Downloaded from local.central: file:///Users/batsatt/.m2/repository/commons-io/commons-io/2.6/commons-io-2.6.pom (14 kB at 3.6 MB/s)
[INFO] [INFO] Downloading from local.central: file:///Users/batsatt/.m2/repository/org/apache/commons/commons-parent/42/commons-parent-42.pom
[INFO] [INFO] Downloaded from local.central: file:///Users/batsatt/.m2/repository/org/apache/commons/commons-parent/42/commons-parent-42.pom (68 kB at 11 MB/s)
[INFO] [INFO] Downloading from local.central: file:///Users/batsatt/.m2/repository/org/apache/maven/maven-settings/3.0/maven-settings-3.0.pom
[INFO] [INFO] Downloaded from local.central: file:///Users/batsatt/.m2/repository/org/apache/maven/maven-settings/3.0/maven-settings-3.0.pom (1.9 kB at 376 kB/s)
[INFO] [INFO] Downloading from local.central: file:///Users/batsatt/.m2/repository/org/apache/maven/maven/3.0/maven-3.0.pom
[INFO] [INFO] Downloaded from local.central: file:///Users/batsatt/.m2/repository/org/apache/maven/maven/3.0/maven-3.0.pom (22 kB at 5.5 MB/s)
[INFO] [INFO] Downloading from local.central: file:///Users/batsatt/.m2/repository/org/apache/maven/maven-parent/15/maven-parent-15.pom
[INFO] [INFO] Downloaded from local.central: file:///Users/batsatt/.m2/repository/org/apache/maven/maven-parent/15/maven-parent-15.pom (24 kB at 4.0 MB/s)
[INFO] [INFO] Downloading from local.central: file:///Users/batsatt/.m2/repository/org/apache/apache/6/apache-6.pom
[INFO] [INFO] Downloaded from local.central: file:///Users/batsatt/.m2/repository/org/apache/apache/6/apache-6.pom (13 kB at 2.6 MB/s)
[INFO] [INFO] Downloading from local.central: file:///Users/batsatt/.m2/repository/org/apache/maven/maven-settings-builder/3.0/maven-settings-builder-3.0.pom
[INFO] [INFO] Downloaded from local.central: file:///Users/batsatt/.m2/repository/org/apache/maven/maven-settings-builder/3.0/maven-settings-builder-3.0.pom (2.2 kB at 555 kB/s)
[INFO] [INFO] Downloading from local.central: file:///Users/batsatt/.m2/repository/org/codehaus/plexus/plexus-interpolation/1.14/plexus-interpolation-1.14.pom
[INFO] [INFO] Downloaded from local.central: file:///Users/batsatt/.m2/repository/org/codehaus/plexus/plexus-interpolation/1.14/plexus-interpolation-1.14.pom (910 B at 303 kB/s)
[INFO] [INFO] Downloading from local.central: file:///Users/batsatt/.m2/repository/org/codehaus/plexus/plexus-components/1.1.18/plexus-components-1.1.18.pom
[INFO] [INFO] Downloaded from local.central: file:///Users/batsatt/.m2/repository/org/codehaus/plexus/plexus-components/1.1.18/plexus-components-1.1.18.pom (5.4 kB at 1.3 MB/s)
[INFO] [INFO] Downloading from local.central: file:///Users/batsatt/.m2/repository/org/codehaus/plexus/plexus/2.0.7/plexus-2.0.7.pom
[INFO] [INFO] Downloaded from local.central: file:///Users/batsatt/.m2/repository/org/codehaus/plexus/plexus/2.0.7/plexus-2.0.7.pom (17 kB at 3.5 MB/s)
[INFO] [INFO] Downloading from local.central: file:///Users/batsatt/.m2/repository/org/sonatype/plexus/plexus-sec-dispatcher/1.3/plexus-sec-dispatcher-1.3.pom
[INFO] [INFO] Downloaded from local.central: file:///Users/batsatt/.m2/repository/org/sonatype/plexus/plexus-sec-dispatcher/1.3/plexus-sec-dispatcher-1.3.pom (3.0 kB at 494 kB/s)
[INFO] [INFO] Downloading from local.central: file:///Users/batsatt/.m2/repository/org/codehaus/plexus/plexus-classworlds/2.2.3/plexus-classworlds-2.2.3.pom
[INFO] [INFO] Downloaded from local.central: file:///Users/batsatt/.m2/repository/org/codehaus/plexus/plexus-classworlds/2.2.3/plexus-classworlds-2.2.3.pom (4.0 kB at 1.3 MB/s)
[INFO] [INFO] Downloading from local.central: file:///Users/batsatt/.m2/repository/org/codehaus/plexus/plexus/2.0.6/plexus-2.0.6.pom
[INFO] [INFO] Downloaded from local.central: file:///Users/batsatt/.m2/repository/org/codehaus/plexus/plexus/2.0.6/plexus-2.0.6.pom (17 kB at 4.2 MB/s)
[INFO] [INFO] Downloading from local.central: file:///Users/batsatt/.m2/repository/org/apache/maven/shared/maven-shared-utils/3.1.0/maven-shared-utils-3.1.0.pom
[INFO] [INFO] Downloaded from local.central: file:///Users/batsatt/.m2/repository/org/apache/maven/shared/maven-shared-utils/3.1.0/maven-shared-utils-3.1.0.pom (5.0 kB at 996 kB/s)
[INFO] [INFO] Downloading from local.central: file:///Users/batsatt/.m2/repository/commons-collections/commons-collections/3.2.1/commons-collections-3.2.1.pom
[INFO] [INFO] Downloaded from local.central: file:///Users/batsatt/.m2/repository/commons-collections/commons-collections/3.2.1/commons-collections-3.2.1.pom (13 kB at 2.5 MB/s)
[INFO] [INFO] Downloading from local.central: file:///Users/batsatt/.m2/repository/org/sonatype/plexus/plexus-cipher/1.4/plexus-cipher-1.4.jar
[INFO] [INFO] Downloaded from local.central: file:///Users/batsatt/.m2/repository/org/sonatype/plexus/plexus-cipher/1.4/plexus-cipher-1.4.jar (13 kB at 3.4 MB/s)
[INFO] [INFO] 
[INFO] [INFO] -------< io.helidon.build-tools.archetype.tests:test-archetype1 >-------
[INFO] [INFO] Building Test Archetype 1 3.0.0-SNAPSHOT
[INFO] [INFO] -------------------------[ helidon-archetype ]--------------------------
[INFO] [INFO] Downloading from local.central: file:///Users/batsatt/.m2/repository/org/apache/maven/plugins/maven-resources-plugin/maven-metadata.xml
[INFO] [INFO] Downloading from central: https://repo.maven.apache.org/maven2/org/apache/maven/plugins/maven-resources-plugin/maven-metadata.xml
[INFO] [INFO] Downloaded from central: https://repo.maven.apache.org/maven2/org/apache/maven/plugins/maven-resources-plugin/maven-metadata.xml (874 B at 3.6 kB/s)
[INFO] [INFO] Downloading from local.central: file:///Users/batsatt/.m2/repository/org/apache/maven/plugins/maven-resources-plugin/3.2.0/maven-resources-plugin-3.2.0.pom
[INFO] [INFO] Downloading from central: https://repo.maven.apache.org/maven2/org/apache/maven/plugins/maven-resources-plugin/3.2.0/maven-resources-plugin-3.2.0.pom
[INFO] [INFO] Downloaded from central: https://repo.maven.apache.org/maven2/org/apache/maven/plugins/maven-resources-plugin/3.2.0/maven-resources-plugin-3.2.0.pom (8.1 kB at 425 kB/s)
[INFO] [INFO] Downloading from local.central: file:///Users/batsatt/.m2/repository/org/apache/maven/plugins/maven-plugins/34/maven-plugins-34.pom
[INFO] [INFO] Downloaded from local.central: file:///Users/batsatt/.m2/repository/org/apache/maven/plugins/maven-plugins/34/maven-plugins-34.pom (11 kB at 2.1 MB/s)
[INFO] [INFO] Downloading from local.central: file:///Users/batsatt/.m2/repository/org/apache/maven/plugins/maven-resources-plugin/3.2.0/maven-resources-plugin-3.2.0.jar
[INFO] [INFO] Downloading from central: https://repo.maven.apache.org/maven2/org/apache/maven/plugins/maven-resources-plugin/3.2.0/maven-resources-plugin-3.2.0.jar
[INFO] [INFO] Downloaded from central: https://repo.maven.apache.org/maven2/org/apache/maven/plugins/maven-resources-plugin/3.2.0/maven-resources-plugin-3.2.0.jar (33 kB at 1.6 MB/s)
[INFO] [INFO] Downloading from local.central: file:///Users/batsatt/.m2/repository/org/apache/maven/plugins/maven-install-plugin/maven-metadata.xml
[INFO] [INFO] Downloading from central: https://repo.maven.apache.org/maven2/org/apache/maven/plugins/maven-install-plugin/maven-metadata.xml
[INFO] [INFO] Downloaded from central: https://repo.maven.apache.org/maven2/org/apache/maven/plugins/maven-install-plugin/maven-metadata.xml (663 B at 44 kB/s)
[INFO] [INFO] Downloading from local.central: file:///Users/batsatt/.m2/repository/org/apache/maven/plugins/maven-install-plugin/3.0.0-M1/maven-install-plugin-3.0.0-M1.pom
[INFO] [INFO] Downloaded from local.central: file:///Users/batsatt/.m2/repository/org/apache/maven/plugins/maven-install-plugin/3.0.0-M1/maven-install-plugin-3.0.0-M1.pom (6.2 kB at 1.5 MB/s)
[INFO] [INFO] Downloading from local.central: file:///Users/batsatt/.m2/repository/org/apache/maven/plugins/maven-plugins/33/maven-plugins-33.pom
[INFO] [INFO] Downloaded from local.central: file:///Users/batsatt/.m2/repository/org/apache/maven/plugins/maven-plugins/33/maven-plugins-33.pom (11 kB at 2.7 MB/s)
[INFO] [INFO] Downloading from local.central: file:///Users/batsatt/.m2/repository/org/apache/maven/plugins/maven-install-plugin/3.0.0-M1/maven-install-plugin-3.0.0-M1.jar
[INFO] [INFO] Downloaded from local.central: file:///Users/batsatt/.m2/repository/org/apache/maven/plugins/maven-install-plugin/3.0.0-M1/maven-install-plugin-3.0.0-M1.jar (29 kB at 7.4 MB/s)
[INFO] [INFO] Downloading from local.central: file:///Users/batsatt/.m2/repository/org/apache/maven/plugins/maven-deploy-plugin/maven-metadata.xml
[INFO] [INFO] Downloading from central: https://repo.maven.apache.org/maven2/org/apache/maven/plugins/maven-deploy-plugin/maven-metadata.xml
[INFO] [INFO] Downloaded from central: https://repo.maven.apache.org/maven2/org/apache/maven/plugins/maven-deploy-plugin/maven-metadata.xml (783 B at 49 kB/s)
[INFO] [INFO] Downloading from local.central: file:///Users/batsatt/.m2/repository/org/apache/maven/plugins/maven-deploy-plugin/3.0.0-M2/maven-deploy-plugin-3.0.0-M2.pom
[INFO] [INFO] Downloading from central: https://repo.maven.apache.org/maven2/org/apache/maven/plugins/maven-deploy-plugin/3.0.0-M2/maven-deploy-plugin-3.0.0-M2.pom
[INFO] [INFO] Downloaded from central: https://repo.maven.apache.org/maven2/org/apache/maven/plugins/maven-deploy-plugin/3.0.0-M2/maven-deploy-plugin-3.0.0-M2.pom (7.7 kB at 516 kB/s)
[INFO] [INFO] Downloading from local.central: file:///Users/batsatt/.m2/repository/org/apache/maven/plugins/maven-deploy-plugin/3.0.0-M2/maven-deploy-plugin-3.0.0-M2.jar
[INFO] [INFO] Downloading from central: https://repo.maven.apache.org/maven2/org/apache/maven/plugins/maven-deploy-plugin/3.0.0-M2/maven-deploy-plugin-3.0.0-M2.jar
[INFO] [INFO] Downloaded from central: https://repo.maven.apache.org/maven2/org/apache/maven/plugins/maven-deploy-plugin/3.0.0-M2/maven-deploy-plugin-3.0.0-M2.jar (35 kB at 1.0 MB/s)
[INFO] [INFO] Downloading from local.central: file:///Users/batsatt/.m2/repository/org/apache/maven/plugins/maven-clean-plugin/2.5/maven-clean-plugin-2.5.pom
[INFO] [INFO] Downloaded from local.central: file:///Users/batsatt/.m2/repository/org/apache/maven/plugins/maven-clean-plugin/2.5/maven-clean-plugin-2.5.pom (3.9 kB at 784 kB/s)
[INFO] [INFO] Downloading from local.central: file:///Users/batsatt/.m2/repository/org/apache/maven/plugins/maven-plugins/22/maven-plugins-22.pom
[INFO] [INFO] Downloaded from local.central: file:///Users/batsatt/.m2/repository/org/apache/maven/plugins/maven-plugins/22/maven-plugins-22.pom (13 kB at 2.6 MB/s)
[INFO] [INFO] Downloading from local.central: file:///Users/batsatt/.m2/repository/org/apache/maven/maven-parent/21/maven-parent-21.pom
[INFO] [INFO] Downloaded from local.central: file:///Users/batsatt/.m2/repository/org/apache/maven/maven-parent/21/maven-parent-21.pom (26 kB at 5.3 MB/s)
[INFO] [INFO] Downloading from local.central: file:///Users/batsatt/.m2/repository/org/apache/apache/10/apache-10.pom
[INFO] [INFO] Downloaded from local.central: file:///Users/batsatt/.m2/repository/org/apache/apache/10/apache-10.pom (15 kB at 4.9 MB/s)
[INFO] [INFO] Downloading from local.central: file:///Users/batsatt/.m2/repository/org/apache/maven/plugins/maven-clean-plugin/2.5/maven-clean-plugin-2.5.jar
[INFO] [INFO] Downloaded from local.central: file:///Users/batsatt/.m2/repository/org/apache/maven/plugins/maven-clean-plugin/2.5/maven-clean-plugin-2.5.jar (25 kB at 6.2 MB/s)
[INFO] [INFO] 
[INFO] [INFO] --- maven-clean-plugin:2.5:clean (default-clean) @ test-archetype1 ---
[INFO] [INFO] Downloading from local.central: file:///Users/batsatt/.m2/repository/org/apache/maven/maven-plugin-api/2.0.6/maven-plugin-api-2.0.6.pom
[INFO] [INFO] Downloaded from local.central: file:///Users/batsatt/.m2/repository/org/apache/maven/maven-plugin-api/2.0.6/maven-plugin-api-2.0.6.pom (1.5 kB at 291 kB/s)
[INFO] [INFO] Downloading from local.central: file:///Users/batsatt/.m2/repository/org/apache/maven/maven/2.0.6/maven-2.0.6.pom
[INFO] [INFO] Downloaded from local.central: file:///Users/batsatt/.m2/repository/org/apache/maven/maven/2.0.6/maven-2.0.6.pom (9.0 kB at 1.8 MB/s)
[INFO] [INFO] Downloading from local.central: file:///Users/batsatt/.m2/repository/org/apache/maven/maven-parent/5/maven-parent-5.pom
[INFO] [INFO] Downloaded from local.central: file:///Users/batsatt/.m2/repository/org/apache/maven/maven-parent/5/maven-parent-5.pom (15 kB at 3.8 MB/s)
[INFO] [INFO] Downloading from local.central: file:///Users/batsatt/.m2/repository/org/apache/apache/3/apache-3.pom
[INFO] [INFO] Downloaded from local.central: file:///Users/batsatt/.m2/repository/org/apache/apache/3/apache-3.pom (3.4 kB at 1.1 MB/s)
[INFO] [INFO] Downloading from local.central: file:///Users/batsatt/.m2/repository/org/codehaus/plexus/plexus-utils/3.0/plexus-utils-3.0.pom
[INFO] [INFO] Downloaded from local.central: file:///Users/batsatt/.m2/repository/org/codehaus/plexus/plexus-utils/3.0/plexus-utils-3.0.pom (4.1 kB at 1.4 MB/s)
[INFO] [INFO] Downloading from local.central: file:///Users/batsatt/.m2/repository/org/sonatype/spice/spice-parent/16/spice-parent-16.pom
[INFO] [INFO] Downloaded from local.central: file:///Users/batsatt/.m2/repository/org/sonatype/spice/spice-parent/16/spice-parent-16.pom (8.4 kB at 2.1 MB/s)
[INFO] [INFO] Downloading from local.central: file:///Users/batsatt/.m2/repository/org/apache/maven/maven-plugin-api/2.0.6/maven-plugin-api-2.0.6.jar
[INFO] [INFO] Downloading from local.central: file:///Users/batsatt/.m2/repository/org/codehaus/plexus/plexus-utils/3.0/plexus-utils-3.0.jar
[INFO] [INFO] Downloaded from local.central: file:///Users/batsatt/.m2/repository/org/apache/maven/maven-plugin-api/2.0.6/maven-plugin-api-2.0.6.jar (13 kB at 2.6 MB/s)
[INFO] [INFO] Downloaded from local.central: file:///Users/batsatt/.m2/repository/org/codehaus/plexus/plexus-utils/3.0/plexus-utils-3.0.jar (226 kB at 32 MB/s)
[INFO] [INFO] 
[INFO] [INFO] --- maven-resources-plugin:3.2.0:testResources (default-testResources) @ test-archetype1 ---
[INFO] [INFO] Downloading from local.central: file:///Users/batsatt/.m2/repository/org/apache/maven/maven-plugin-api/3.1.0/maven-plugin-api-3.1.0.pom
[INFO] [INFO] Downloaded from local.central: file:///Users/batsatt/.m2/repository/org/apache/maven/maven-plugin-api/3.1.0/maven-plugin-api-3.1.0.pom (3.0 kB at 1.0 MB/s)
[INFO] [INFO] Downloading from local.central: file:///Users/batsatt/.m2/repository/org/apache/maven/maven/3.1.0/maven-3.1.0.pom
[INFO] [INFO] Downloaded from local.central: file:///Users/batsatt/.m2/repository/org/apache/maven/maven/3.1.0/maven-3.1.0.pom (22 kB at 7.3 MB/s)
[INFO] [INFO] Downloading from local.central: file:///Users/batsatt/.m2/repository/org/apache/maven/maven-parent/23/maven-parent-23.pom
[INFO] [INFO] Downloaded from local.central: file:///Users/batsatt/.m2/repository/org/apache/maven/maven-parent/23/maven-parent-23.pom (33 kB at 8.1 MB/s)
[INFO] [INFO] Downloading from local.central: file:///Users/batsatt/.m2/repository/org/apache/apache/13/apache-13.pom
[INFO] [INFO] Downloaded from local.central: file:///Users/batsatt/.m2/repository/org/apache/apache/13/apache-13.pom (14 kB at 2.8 MB/s)
[INFO] [INFO] Downloading from local.central: file:///Users/batsatt/.m2/repository/org/apache/maven/maven-model/3.1.0/maven-model-3.1.0.pom
[INFO] [INFO] Downloaded from local.central: file:///Users/batsatt/.m2/repository/org/apache/maven/maven-model/3.1.0/maven-model-3.1.0.pom (3.8 kB at 1.3 MB/s)
[INFO] [INFO] Downloading from local.central: file:///Users/batsatt/.m2/repository/org/codehaus/plexus/plexus-utils/3.0.10/plexus-utils-3.0.10.pom
[INFO] [INFO] Downloaded from local.central: file:///Users/batsatt/.m2/repository/org/codehaus/plexus/plexus-utils/3.0.10/plexus-utils-3.0.10.pom (3.1 kB at 1.0 MB/s)
[INFO] [INFO] Downloading from local.central: file:///Users/batsatt/.m2/repository/org/codehaus/plexus/plexus/3.3/plexus-3.3.pom
[INFO] [INFO] Downloaded from local.central: file:///Users/batsatt/.m2/repository/org/codehaus/plexus/plexus/3.3/plexus-3.3.pom (20 kB at 5.0 MB/s)
[INFO] [INFO] Downloading from local.central: file:///Users/batsatt/.m2/repository/org/apache/maven/maven-artifact/3.1.0/maven-artifact-3.1.0.pom
[INFO] [INFO] Downloaded from local.central: file:///Users/batsatt/.m2/repository/org/apache/maven/maven-artifact/3.1.0/maven-artifact-3.1.0.pom (1.6 kB at 408 kB/s)
[INFO] [INFO] Downloading from local.central: file:///Users/batsatt/.m2/repository/org/eclipse/sisu/org.eclipse.sisu.plexus/0.0.0.M2a/org.eclipse.sisu.plexus-0.0.0.M2a.pom
[INFO] [INFO] Downloaded from local.central: file:///Users/batsatt/.m2/repository/org/eclipse/sisu/org.eclipse.sisu.plexus/0.0.0.M2a/org.eclipse.sisu.plexus-0.0.0.M2a.pom (5.9 kB at 1.2 MB/s)
[INFO] [INFO] Downloading from local.central: file:///Users/batsatt/.m2/repository/org/eclipse/sisu/sisu-plexus/0.0.0.M2a/sisu-plexus-0.0.0.M2a.pom
[INFO] [INFO] Downloaded from local.central: file:///Users/batsatt/.m2/repository/org/eclipse/sisu/sisu-plexus/0.0.0.M2a/sisu-plexus-0.0.0.M2a.pom (7.9 kB at 2.0 MB/s)
[INFO] [INFO] Downloading from local.central: file:///Users/batsatt/.m2/repository/com/google/guava/guava/10.0.1/guava-10.0.1.pom
[INFO] [INFO] Downloaded from local.central: file:///Users/batsatt/.m2/repository/com/google/guava/guava/10.0.1/guava-10.0.1.pom (5.4 kB at 1.8 MB/s)
[INFO] [INFO] Downloading from local.central: file:///Users/batsatt/.m2/repository/com/google/guava/guava-parent/10.0.1/guava-parent-10.0.1.pom
[INFO] [INFO] Downloaded from local.central: file:///Users/batsatt/.m2/repository/com/google/guava/guava-parent/10.0.1/guava-parent-10.0.1.pom (2.0 kB at 653 kB/s)
[INFO] [INFO] Downloading from local.central: file:///Users/batsatt/.m2/repository/com/google/code/findbugs/jsr305/1.3.9/jsr305-1.3.9.pom
[INFO] [INFO] Downloaded from local.central: file:///Users/batsatt/.m2/repository/com/google/code/findbugs/jsr305/1.3.9/jsr305-1.3.9.pom (965 B at 241 kB/s)
[INFO] [INFO] Downloading from local.central: file:///Users/batsatt/.m2/repository/org/sonatype/sisu/sisu-guice/3.1.0/sisu-guice-3.1.0.pom
[INFO] [INFO] Downloaded from local.central: file:///Users/batsatt/.m2/repository/org/sonatype/sisu/sisu-guice/3.1.0/sisu-guice-3.1.0.pom (10 kB at 2.5 MB/s)
[INFO] [INFO] Downloading from local.central: file:///Users/batsatt/.m2/repository/org/sonatype/sisu/inject/guice-parent/3.1.0/guice-parent-3.1.0.pom
[INFO] [INFO] Downloaded from local.central: file:///Users/batsatt/.m2/repository/org/sonatype/sisu/inject/guice-parent/3.1.0/guice-parent-3.1.0.pom (11 kB at 2.2 MB/s)
[INFO] [INFO] Downloading from local.central: file:///Users/batsatt/.m2/repository/org/eclipse/sisu/org.eclipse.sisu.inject/0.0.0.M2a/org.eclipse.sisu.inject-0.0.0.M2a.pom
[INFO] [INFO] Downloaded from local.central: file:///Users/batsatt/.m2/repository/org/eclipse/sisu/org.eclipse.sisu.inject/0.0.0.M2a/org.eclipse.sisu.inject-0.0.0.M2a.pom (5.0 kB at 994 kB/s)
[INFO] [INFO] Downloading from local.central: file:///Users/batsatt/.m2/repository/org/eclipse/sisu/sisu-inject/0.0.0.M2a/sisu-inject-0.0.0.M2a.pom
[INFO] [INFO] Downloaded from local.central: file:///Users/batsatt/.m2/repository/org/eclipse/sisu/sisu-inject/0.0.0.M2a/sisu-inject-0.0.0.M2a.pom (7.8 kB at 1.6 MB/s)
[INFO] [INFO] Downloading from local.central: file:///Users/batsatt/.m2/repository/asm/asm/3.3.1/asm-3.3.1.pom
[INFO] [INFO] Downloaded from local.central: file:///Users/batsatt/.m2/repository/asm/asm/3.3.1/asm-3.3.1.pom (266 B at 66 kB/s)
[INFO] [INFO] Downloading from local.central: file:///Users/batsatt/.m2/repository/asm/asm-parent/3.3.1/asm-parent-3.3.1.pom
[INFO] [INFO] Downloaded from local.central: file:///Users/batsatt/.m2/repository/asm/asm-parent/3.3.1/asm-parent-3.3.1.pom (4.3 kB at 866 kB/s)
[INFO] [INFO] Downloading from local.central: file:///Users/batsatt/.m2/repository/org/codehaus/plexus/plexus-classworlds/2.4/plexus-classworlds-2.4.pom
[INFO] [INFO] Downloaded from local.central: file:///Users/batsatt/.m2/repository/org/codehaus/plexus/plexus-classworlds/2.4/plexus-classworlds-2.4.pom (3.9 kB at 971 kB/s)
[INFO] [INFO] Downloading from local.central: file:///Users/batsatt/.m2/repository/org/codehaus/plexus/plexus-utils/2.1/plexus-utils-2.1.pom
[INFO] [INFO] Downloaded from local.central: file:///Users/batsatt/.m2/repository/org/codehaus/plexus/plexus-utils/2.1/plexus-utils-2.1.pom (4.0 kB at 807 kB/s)
[INFO] [INFO] Downloading from local.central: file:///Users/batsatt/.m2/repository/org/apache/maven/maven-core/3.1.0/maven-core-3.1.0.pom
[INFO] [INFO] Downloaded from local.central: file:///Users/batsatt/.m2/repository/org/apache/maven/maven-core/3.1.0/maven-core-3.1.0.pom (6.9 kB at 1.7 MB/s)
[INFO] [INFO] Downloading from local.central: file:///Users/batsatt/.m2/repository/org/apache/maven/maven-settings/3.1.0/maven-settings-3.1.0.pom
[INFO] [INFO] Downloaded from local.central: file:///Users/batsatt/.m2/repository/org/apache/maven/maven-settings/3.1.0/maven-settings-3.1.0.pom (1.8 kB at 458 kB/s)
[INFO] [INFO] Downloading from local.central: file:///Users/batsatt/.m2/repository/org/apache/maven/maven-settings-builder/3.1.0/maven-settings-builder-3.1.0.pom
[INFO] [INFO] Downloaded from local.central: file:///Users/batsatt/.m2/repository/org/apache/maven/maven-settings-builder/3.1.0/maven-settings-builder-3.1.0.pom (2.3 kB at 753 kB/s)
[INFO] [INFO] Downloading from local.central: file:///Users/batsatt/.m2/repository/org/codehaus/plexus/plexus-interpolation/1.16/plexus-interpolation-1.16.pom
[INFO] [INFO] Downloaded from local.central: file:///Users/batsatt/.m2/repository/org/codehaus/plexus/plexus-interpolation/1.16/plexus-interpolation-1.16.pom (1.0 kB at 342 kB/s)
[INFO] [INFO] Downloading from local.central: file:///Users/batsatt/.m2/repository/org/codehaus/plexus/plexus-components/1.3/plexus-components-1.3.pom
[INFO] [INFO] Downloaded from local.central: file:///Users/batsatt/.m2/repository/org/codehaus/plexus/plexus-components/1.3/plexus-components-1.3.pom (3.1 kB at 1.0 MB/s)
[INFO] [INFO] Downloading from local.central: file:///Users/batsatt/.m2/repository/org/codehaus/plexus/plexus-utils/1.5.5/plexus-utils-1.5.5.pom
[INFO] [INFO] Downloaded from local.central: file:///Users/batsatt/.m2/repository/org/codehaus/plexus/plexus-utils/1.5.5/plexus-utils-1.5.5.pom (5.1 kB at 1.0 MB/s)
[INFO] [INFO] Downloading from local.central: file:///Users/batsatt/.m2/repository/org/codehaus/plexus/plexus/1.0.11/plexus-1.0.11.pom
[INFO] [INFO] Downloaded from local.central: file:///Users/batsatt/.m2/repository/org/codehaus/plexus/plexus/1.0.11/plexus-1.0.11.pom (9.0 kB at 2.2 MB/s)
[INFO] [INFO] Downloading from local.central: file:///Users/batsatt/.m2/repository/org/apache/maven/maven-repository-metadata/3.1.0/maven-repository-metadata-3.1.0.pom
[INFO] [INFO] Downloaded from local.central: file:///Users/batsatt/.m2/repository/org/apache/maven/maven-repository-metadata/3.1.0/maven-repository-metadata-3.1.0.pom (1.9 kB at 378 kB/s)
[INFO] [INFO] Downloading from local.central: file:///Users/batsatt/.m2/repository/org/apache/maven/maven-model-builder/3.1.0/maven-model-builder-3.1.0.pom
[INFO] [INFO] Downloaded from local.central: file:///Users/batsatt/.m2/repository/org/apache/maven/maven-model-builder/3.1.0/maven-model-builder-3.1.0.pom (2.5 kB at 618 kB/s)
[INFO] [INFO] Downloading from local.central: file:///Users/batsatt/.m2/repository/org/apache/maven/maven-aether-provider/3.1.0/maven-aether-provider-3.1.0.pom
[INFO] [INFO] Downloaded from local.central: file:///Users/batsatt/.m2/repository/org/apache/maven/maven-aether-provider/3.1.0/maven-aether-provider-3.1.0.pom (3.5 kB at 706 kB/s)
[INFO] [INFO] Downloading from local.central: file:///Users/batsatt/.m2/repository/org/eclipse/aether/aether-api/0.9.0.M2/aether-api-0.9.0.M2.pom
[INFO] [INFO] Downloaded from local.central: file:///Users/batsatt/.m2/repository/org/eclipse/aether/aether-api/0.9.0.M2/aether-api-0.9.0.M2.pom (1.7 kB at 347 kB/s)
[INFO] [INFO] Downloading from local.central: file:///Users/batsatt/.m2/repository/org/eclipse/aether/aether/0.9.0.M2/aether-0.9.0.M2.pom
[INFO] [INFO] Downloaded from local.central: file:///Users/batsatt/.m2/repository/org/eclipse/aether/aether/0.9.0.M2/aether-0.9.0.M2.pom (28 kB at 5.6 MB/s)
[INFO] [INFO] Downloading from local.central: file:///Users/batsatt/.m2/repository/org/eclipse/aether/aether-spi/0.9.0.M2/aether-spi-0.9.0.M2.pom
[INFO] [INFO] Downloaded from local.central: file:///Users/batsatt/.m2/repository/org/eclipse/aether/aether-spi/0.9.0.M2/aether-spi-0.9.0.M2.pom (1.8 kB at 352 kB/s)
[INFO] [INFO] Downloading from local.central: file:///Users/batsatt/.m2/repository/org/eclipse/aether/aether-util/0.9.0.M2/aether-util-0.9.0.M2.pom
[INFO] [INFO] Downloaded from local.central: file:///Users/batsatt/.m2/repository/org/eclipse/aether/aether-util/0.9.0.M2/aether-util-0.9.0.M2.pom (2.0 kB at 339 kB/s)
[INFO] [INFO] Downloading from local.central: file:///Users/batsatt/.m2/repository/org/eclipse/aether/aether-impl/0.9.0.M2/aether-impl-0.9.0.M2.pom
[INFO] [INFO] Downloaded from local.central: file:///Users/batsatt/.m2/repository/org/eclipse/aether/aether-impl/0.9.0.M2/aether-impl-0.9.0.M2.pom (3.3 kB at 670 kB/s)
[INFO] [INFO] Downloading from local.central: file:///Users/batsatt/.m2/repository/org/codehaus/plexus/plexus-classworlds/2.4.2/plexus-classworlds-2.4.2.pom
[INFO] [INFO] Downloaded from local.central: file:///Users/batsatt/.m2/repository/org/codehaus/plexus/plexus-classworlds/2.4.2/plexus-classworlds-2.4.2.pom (3.5 kB at 877 kB/s)
[INFO] [INFO] Downloading from local.central: file:///Users/batsatt/.m2/repository/org/codehaus/plexus/plexus/3.0.1/plexus-3.0.1.pom
[INFO] [INFO] Downloaded from local.central: file:///Users/batsatt/.m2/repository/org/codehaus/plexus/plexus/3.0.1/plexus-3.0.1.pom (19 kB at 6.2 MB/s)
[INFO] [INFO] Downloading from local.central: file:///Users/batsatt/.m2/repository/org/codehaus/plexus/plexus-interpolation/1.26/plexus-interpolation-1.26.pom
[INFO] [INFO] Downloaded from local.central: file:///Users/batsatt/.m2/repository/org/codehaus/plexus/plexus-interpolation/1.26/plexus-interpolation-1.26.pom (2.7 kB at 664 kB/s)
[INFO] [INFO] Downloading from local.central: file:///Users/batsatt/.m2/repository/org/apache/maven/shared/maven-filtering/3.2.0/maven-filtering-3.2.0.pom
[INFO] [INFO] Downloading from central: https://repo.maven.apache.org/maven2/org/apache/maven/shared/maven-filtering/3.2.0/maven-filtering-3.2.0.pom
[INFO] [INFO] Downloaded from central: https://repo.maven.apache.org/maven2/org/apache/maven/shared/maven-filtering/3.2.0/maven-filtering-3.2.0.pom (6.8 kB at 426 kB/s)
[INFO] [INFO] Downloading from local.central: file:///Users/batsatt/.m2/repository/org/apache/maven/shared/maven-shared-utils/3.3.3/maven-shared-utils-3.3.3.pom
[INFO] [INFO] Downloaded from local.central: file:///Users/batsatt/.m2/repository/org/apache/maven/shared/maven-shared-utils/3.3.3/maven-shared-utils-3.3.3.pom (5.8 kB at 1.4 MB/s)
[INFO] [INFO] Downloading from local.central: file:///Users/batsatt/.m2/repository/org/sonatype/plexus/plexus-build-api/0.0.7/plexus-build-api-0.0.7.pom
[INFO] [INFO] Downloaded from local.central: file:///Users/batsatt/.m2/repository/org/sonatype/plexus/plexus-build-api/0.0.7/plexus-build-api-0.0.7.pom (3.2 kB at 641 kB/s)
[INFO] [INFO] Downloading from local.central: file:///Users/batsatt/.m2/repository/org/codehaus/plexus/plexus-utils/1.5.8/plexus-utils-1.5.8.pom
[INFO] [INFO] Downloaded from local.central: file:///Users/batsatt/.m2/repository/org/codehaus/plexus/plexus-utils/1.5.8/plexus-utils-1.5.8.pom (8.1 kB at 2.0 MB/s)
[INFO] [INFO] Downloading from local.central: file:///Users/batsatt/.m2/repository/org/codehaus/plexus/plexus/2.0.2/plexus-2.0.2.pom
[INFO] [INFO] Downloaded from local.central: file:///Users/batsatt/.m2/repository/org/codehaus/plexus/plexus/2.0.2/plexus-2.0.2.pom (12 kB at 2.9 MB/s)
[INFO] [INFO] Downloading from local.central: file:///Users/batsatt/.m2/repository/org/apache/commons/commons-lang3/3.8.1/commons-lang3-3.8.1.pom
[INFO] [INFO] Downloaded from local.central: file:///Users/batsatt/.m2/repository/org/apache/commons/commons-lang3/3.8.1/commons-lang3-3.8.1.pom (28 kB at 5.6 MB/s)
[INFO] [INFO] Downloading from local.central: file:///Users/batsatt/.m2/repository/org/apache/maven/maven-plugin-api/3.1.0/maven-plugin-api-3.1.0.jar
[INFO] [INFO] Downloading from local.central: file:///Users/batsatt/.m2/repository/org/apache/maven/maven-artifact/3.1.0/maven-artifact-3.1.0.jar
[INFO] [INFO] Downloading from local.central: file:///Users/batsatt/.m2/repository/org/apache/maven/maven-core/3.1.0/maven-core-3.1.0.jar
[INFO] [INFO] Downloading from local.central: file:///Users/batsatt/.m2/repository/org/apache/maven/maven-settings/3.1.0/maven-settings-3.1.0.jar
[INFO] [INFO] Downloading from local.central: file:///Users/batsatt/.m2/repository/org/apache/maven/maven-settings-builder/3.1.0/maven-settings-builder-3.1.0.jar
[INFO] [INFO] Downloaded from local.central: file:///Users/batsatt/.m2/repository/org/apache/maven/maven-plugin-api/3.1.0/maven-plugin-api-3.1.0.jar (50 kB at 10.0 MB/s)
[INFO] [INFO] Downloading from local.central: file:///Users/batsatt/.m2/repository/org/apache/maven/maven-repository-metadata/3.1.0/maven-repository-metadata-3.1.0.jar
[INFO] [INFO] Downloaded from local.central: file:///Users/batsatt/.m2/repository/org/apache/maven/maven-artifact/3.1.0/maven-artifact-3.1.0.jar (52 kB at 10 MB/s)
[INFO] [INFO] Downloading from local.central: file:///Users/batsatt/.m2/repository/org/apache/maven/maven-model-builder/3.1.0/maven-model-builder-3.1.0.jar
[INFO] [INFO] Downloaded from local.central: file:///Users/batsatt/.m2/repository/org/apache/maven/maven-settings/3.1.0/maven-settings-3.1.0.jar (47 kB at 7.8 MB/s)
[INFO] [INFO] Downloaded from local.central: file:///Users/batsatt/.m2/repository/org/apache/maven/maven-settings-builder/3.1.0/maven-settings-builder-3.1.0.jar (41 kB at 6.9 MB/s)
[INFO] [INFO] Downloading from local.central: file:///Users/batsatt/.m2/repository/org/apache/maven/maven-aether-provider/3.1.0/maven-aether-provider-3.1.0.jar
[INFO] [INFO] Downloading from local.central: file:///Users/batsatt/.m2/repository/org/eclipse/aether/aether-spi/0.9.0.M2/aether-spi-0.9.0.M2.jar
[INFO] [INFO] Downloaded from local.central: file:///Users/batsatt/.m2/repository/org/apache/maven/maven-repository-metadata/3.1.0/maven-repository-metadata-3.1.0.jar (30 kB at 3.3 MB/s)
[INFO] [INFO] Downloading from local.central: file:///Users/batsatt/.m2/repository/org/eclipse/aether/aether-impl/0.9.0.M2/aether-impl-0.9.0.M2.jar
[INFO] [INFO] Downloaded from local.central: file:///Users/batsatt/.m2/repository/org/eclipse/aether/aether-spi/0.9.0.M2/aether-spi-0.9.0.M2.jar (18 kB at 2.0 MB/s)
[INFO] [INFO] Downloading from local.central: file:///Users/batsatt/.m2/repository/org/eclipse/aether/aether-api/0.9.0.M2/aether-api-0.9.0.M2.jar
[INFO] [INFO] Downloaded from local.central: file:///Users/batsatt/.m2/repository/org/apache/maven/maven-aether-provider/3.1.0/maven-aether-provider-3.1.0.jar (60 kB at 5.5 MB/s)
[INFO] [INFO] Downloading from local.central: file:///Users/batsatt/.m2/repository/org/eclipse/aether/aether-util/0.9.0.M2/aether-util-0.9.0.M2.jar
[INFO] [INFO] Downloaded from local.central: file:///Users/batsatt/.m2/repository/org/apache/maven/maven-model-builder/3.1.0/maven-model-builder-3.1.0.jar (159 kB at 12 MB/s)
[INFO] [INFO] Downloading from local.central: file:///Users/batsatt/.m2/repository/org/codehaus/plexus/plexus-utils/3.0.10/plexus-utils-3.0.10.jar
[INFO] [INFO] Downloaded from local.central: file:///Users/batsatt/.m2/repository/org/apache/maven/maven-core/3.1.0/maven-core-3.1.0.jar (563 kB at 38 MB/s)
[INFO] [INFO] Downloading from local.central: file:///Users/batsatt/.m2/repository/org/codehaus/plexus/plexus-classworlds/2.4.2/plexus-classworlds-2.4.2.jar
[INFO] [INFO] Downloaded from local.central: file:///Users/batsatt/.m2/repository/org/eclipse/aether/aether-impl/0.9.0.M2/aether-impl-0.9.0.M2.jar (145 kB at 8.5 MB/s)
[INFO] [INFO] Downloaded from local.central: file:///Users/batsatt/.m2/repository/org/eclipse/aether/aether-api/0.9.0.M2/aether-api-0.9.0.M2.jar (134 kB at 7.9 MB/s)
[INFO] [INFO] Downloading from local.central: file:///Users/batsatt/.m2/repository/org/sonatype/plexus/plexus-sec-dispatcher/1.3/plexus-sec-dispatcher-1.3.jar
[INFO] [INFO] Downloading from local.central: file:///Users/batsatt/.m2/repository/org/apache/maven/maven-model/3.1.0/maven-model-3.1.0.jar
[INFO] [INFO] Downloaded from local.central: file:///Users/batsatt/.m2/repository/org/eclipse/aether/aether-util/0.9.0.M2/aether-util-0.9.0.M2.jar (134 kB at 7.0 MB/s)
[INFO] [INFO] Downloading from local.central: file:///Users/batsatt/.m2/repository/org/codehaus/plexus/plexus-interpolation/1.26/plexus-interpolation-1.26.jar
[INFO] [INFO] Downloaded from local.central: file:///Users/batsatt/.m2/repository/org/codehaus/plexus/plexus-classworlds/2.4.2/plexus-classworlds-2.4.2.jar (47 kB at 2.5 MB/s)
[INFO] [INFO] Downloading from local.central: file:///Users/batsatt/.m2/repository/org/eclipse/sisu/org.eclipse.sisu.plexus/0.0.0.M2a/org.eclipse.sisu.plexus-0.0.0.M2a.jar
[INFO] [INFO] Downloaded from local.central: file:///Users/batsatt/.m2/repository/org/sonatype/plexus/plexus-sec-dispatcher/1.3/plexus-sec-dispatcher-1.3.jar (29 kB at 1.3 MB/s)
[INFO] [INFO] Downloading from local.central: file:///Users/batsatt/.m2/repository/com/google/guava/guava/10.0.1/guava-10.0.1.jar
[INFO] [INFO] Downloaded from local.central: file:///Users/batsatt/.m2/repository/org/codehaus/plexus/plexus-utils/3.0.10/plexus-utils-3.0.10.jar (231 kB at 10 MB/s)
[INFO] [INFO] Downloading from local.central: file:///Users/batsatt/.m2/repository/com/google/code/findbugs/jsr305/1.3.9/jsr305-1.3.9.jar
[INFO] [INFO] Downloaded from local.central: file:///Users/batsatt/.m2/repository/org/codehaus/plexus/plexus-interpolation/1.26/plexus-interpolation-1.26.jar (85 kB at 3.6 MB/s)
[INFO] [INFO] Downloading from local.central: file:///Users/batsatt/.m2/repository/org/sonatype/sisu/sisu-guice/3.1.0/sisu-guice-3.1.0-no_aop.jar
[INFO] [INFO] Downloaded from local.central: file:///Users/batsatt/.m2/repository/org/apache/maven/maven-model/3.1.0/maven-model-3.1.0.jar (164 kB at 6.5 MB/s)
[INFO] [INFO] Downloading from local.central: file:///Users/batsatt/.m2/repository/org/eclipse/sisu/org.eclipse.sisu.inject/0.0.0.M2a/org.eclipse.sisu.inject-0.0.0.M2a.jar
[INFO] [INFO] Downloaded from local.central: file:///Users/batsatt/.m2/repository/org/eclipse/sisu/org.eclipse.sisu.plexus/0.0.0.M2a/org.eclipse.sisu.plexus-0.0.0.M2a.jar (202 kB at 7.2 MB/s)
[INFO] [INFO] Downloaded from local.central: file:///Users/batsatt/.m2/repository/com/google/code/findbugs/jsr305/1.3.9/jsr305-1.3.9.jar (33 kB at 1.2 MB/s)
[INFO] [INFO] Downloading from local.central: file:///Users/batsatt/.m2/repository/asm/asm/3.3.1/asm-3.3.1.jar
[INFO] [INFO] Downloading from local.central: file:///Users/batsatt/.m2/repository/org/apache/maven/shared/maven-filtering/3.2.0/maven-filtering-3.2.0.jar
[INFO] [INFO] Downloading from local.central: file:///Users/batsatt/.m2/repository/org/apache/maven/shared/maven-shared-utils/3.3.3/maven-shared-utils-3.3.3.jar
[INFO] [INFO] Downloaded from local.central: file:///Users/batsatt/.m2/repository/asm/asm/3.3.1/asm-3.3.1.jar (44 kB at 1.3 MB/s)
[INFO] [INFO] Downloading from local.central: file:///Users/batsatt/.m2/repository/org/sonatype/plexus/plexus-build-api/0.0.7/plexus-build-api-0.0.7.jar
[INFO] [INFO] Downloaded from local.central: file:///Users/batsatt/.m2/repository/org/eclipse/sisu/org.eclipse.sisu.inject/0.0.0.M2a/org.eclipse.sisu.inject-0.0.0.M2a.jar (202 kB at 5.8 MB/s)
[INFO] [INFO] Downloading from local.central: file:///Users/batsatt/.m2/repository/commons-io/commons-io/2.6/commons-io-2.6.jar
[INFO] [INFO] Downloaded from local.central: file:///Users/batsatt/.m2/repository/org/apache/maven/shared/maven-shared-utils/3.3.3/maven-shared-utils-3.3.3.jar (154 kB at 4.1 MB/s)
[INFO] [INFO] Downloading from local.central: file:///Users/batsatt/.m2/repository/org/apache/commons/commons-lang3/3.8.1/commons-lang3-3.8.1.jar
[INFO] [INFO] Downloaded from local.central: file:///Users/batsatt/.m2/repository/org/sonatype/sisu/sisu-guice/3.1.0/sisu-guice-3.1.0-no_aop.jar (357 kB at 9.4 MB/s)
[INFO] [INFO] Downloaded from local.central: file:///Users/batsatt/.m2/repository/org/sonatype/plexus/plexus-build-api/0.0.7/plexus-build-api-0.0.7.jar (8.5 kB at 217 kB/s)
[INFO] [INFO] Downloaded from local.central: file:///Users/batsatt/.m2/repository/commons-io/commons-io/2.6/commons-io-2.6.jar (215 kB at 5.1 MB/s)
[INFO] [INFO] Downloaded from local.central: file:///Users/batsatt/.m2/repository/com/google/guava/guava/10.0.1/guava-10.0.1.jar (1.5 MB at 33 MB/s)
[INFO] [INFO] Downloaded from local.central: file:///Users/batsatt/.m2/repository/org/apache/commons/commons-lang3/3.8.1/commons-lang3-3.8.1.jar (502 kB at 10 MB/s)
[INFO] [INFO] Downloading from central: https://repo.maven.apache.org/maven2/org/apache/maven/shared/maven-filtering/3.2.0/maven-filtering-3.2.0.jar
[INFO] [INFO] Downloaded from central: https://repo.maven.apache.org/maven2/org/apache/maven/shared/maven-filtering/3.2.0/maven-filtering-3.2.0.jar (52 kB at 2.9 MB/s)
[INFO] [INFO] Using 'UTF-8' encoding to copy filtered resources.
[INFO] [INFO] Using 'UTF-8' encoding to copy filtered properties files.
[INFO] [INFO] skip non existing resourceDirectory /Users/batsatt/dev/helidon-build-tools/maven-plugins/helidon-archetype-maven-plugin/target/it/projects/test1/src/test/resources
[INFO] [INFO] 
[INFO] [INFO] --- helidon-archetype-maven-plugin:3.0.0-SNAPSHOT:jar (default-jar) @ test-archetype1 ---
[INFO] [INFO] Processing maven-archetype-plugin compatibility
[INFO] [INFO] Rendering archetype-post-generate.groovy
[INFO] [INFO] Building jar: /Users/batsatt/dev/helidon-build-tools/maven-plugins/helidon-archetype-maven-plugin/target/it/projects/test1/target/test-archetype1-3.0.0-SNAPSHOT.jar
[INFO] [INFO] 
[INFO] [INFO] --- helidon-archetype-maven-plugin:3.0.0-SNAPSHOT:integration-test (default-integration-test) @ test-archetype1 ---
[INFO] [INFO] Processing Archetype IT project: test1, combination 0
[INFO] [INFO] Installing /Users/batsatt/dev/helidon-build-tools/maven-plugins/helidon-archetype-maven-plugin/target/it/projects/test1/target/test-archetype1-3.0.0-SNAPSHOT.jar to /Users/batsatt/dev/helidon-build-tools/maven-plugins/helidon-archetype-maven-plugin/target/it-repo/io/helidon/build-tools/archetype/tests/test-archetype1/3.0.0-SNAPSHOT/test-archetype1-3.0.0-SNAPSHOT.jar
[INFO] [INFO] Installing /Users/batsatt/dev/helidon-build-tools/maven-plugins/helidon-archetype-maven-plugin/target/it/projects/test1/pom.xml to /Users/batsatt/dev/helidon-build-tools/maven-plugins/helidon-archetype-maven-plugin/target/it-repo/io/helidon/build-tools/archetype/tests/test-archetype1/3.0.0-SNAPSHOT/test-archetype1-3.0.0-SNAPSHOT.pom
[INFO] [INFO] ----------------------------------------------------------------------------
[INFO] [INFO] Using following parameters for creating project from Archetype: test-archetype1:3.0.0-SNAPSHOT
[INFO] [INFO] ----------------------------------------------------------------------------
[INFO] [INFO] Parameter: groupId, Value: io.helidon.build.maven.archetype.tests
[INFO] [INFO] Parameter: artifactId, Value: circle-project
[INFO] [INFO] Parameter: version, Value: 0.1-SNAPSHOT
[INFO] [INFO] Parameter: package, Value: io.helidon.build.maven.archetype.tests
[INFO] [INFO] Parameter: packageInPathFormat, Value: io/helidon/build/maven/archetype/tests
[INFO] [INFO] Parameter: package, Value: io.helidon.build.maven.archetype.tests
[INFO] [INFO] Parameter: shape, Value: circle
[INFO] [INFO] Parameter: groupId, Value: io.helidon.build.maven.archetype.tests
[INFO] [INFO] Parameter: name, Value: TODO-remove-me
[INFO] [INFO] Parameter: artifactId, Value: circle-project
[INFO] [INFO] Parameter: version, Value: 0.1-SNAPSHOT
[INFO] [INFO] Executing META-INF/archetype-post-generate.groovy post-generation script
[INFO] WARNING: An illegal reflective access operation has occurred
[INFO] WARNING: Illegal reflective access by org.codehaus.groovy.reflection.CachedClass (file:/Users/batsatt/dev/helidon-build-tools/maven-plugins/helidon-archetype-maven-plugin/target/it-repo/org/codehaus/groovy/groovy/2.4.16/groovy-2.4.16.jar) to method java.lang.Object.finalize()
[INFO] WARNING: Please consider reporting this to the maintainers of org.codehaus.groovy.reflection.CachedClass
[INFO] WARNING: Use --illegal-access=warn to enable warnings of further illegal reflective access operations
[INFO] WARNING: All illegal access operations will be denied in a future release
[INFO] [INFO] Downloading from central: https://repo.maven.apache.org/maven2/io/helidon/helidon-bom/2.2.2/helidon-bom-2.2.2.pom
[INFO] [INFO] Downloaded from central: https://repo.maven.apache.org/maven2/io/helidon/helidon-bom/2.2.2/helidon-bom-2.2.2.pom (0 B at 0 B/s)
[INFO] [INFO] Downloading from central: https://repo.maven.apache.org/maven2/io/helidon/helidon-parent/2.2.2/helidon-parent-2.2.2.pom
[INFO] [INFO] Downloaded from central: https://repo.maven.apache.org/maven2/io/helidon/helidon-parent/2.2.2/helidon-parent-2.2.2.pom (0 B at 0 B/s)
[INFO] [INFO] Project created from Archetype in dir: /Users/batsatt/dev/helidon-build-tools/maven-plugins/helidon-archetype-maven-plugin/target/it/projects/test1/target/test-classes/projects/circle-project
[INFO] [INFO] Invoking post-archetype-generation goal: package
[INFO] [INFO] [INFO] Error stacktraces are turned on.
[INFO] [INFO] [INFO] Scanning for projects...
[INFO] [INFO] [INFO] 
[INFO] [INFO] [INFO] -------< io.helidon.build.maven.archetype.tests:circle-project >--------
[INFO] [INFO] [INFO] Building circle-project 0.1-SNAPSHOT
[INFO] [INFO] [INFO] --------------------------------[ jar ]---------------------------------
[INFO] [INFO] [INFO] 
[INFO] [INFO] [INFO] --- maven-resources-plugin:2.6:resources (default-resources) @ circle-project ---
[INFO] [INFO] [INFO] Using 'UTF-8' encoding to copy filtered resources.
[INFO] [INFO] [INFO] skip non existing resourceDirectory /Users/batsatt/dev/helidon-build-tools/maven-plugins/helidon-archetype-maven-plugin/target/it/projects/test1/target/test-classes/projects/circle-project/src/main/resources
[INFO] [INFO] [INFO] 
[INFO] [INFO] [INFO] --- maven-compiler-plugin:3.1:compile (default-compile) @ circle-project ---
[INFO] [INFO] [INFO] Changes detected - recompiling the module!
[INFO] [INFO] [INFO] Compiling 1 source file to /Users/batsatt/dev/helidon-build-tools/maven-plugins/helidon-archetype-maven-plugin/target/it/projects/test1/target/test-classes/projects/circle-project/target/classes
[INFO] [INFO] [INFO] 
[INFO] [INFO] [INFO] --- maven-resources-plugin:2.6:testResources (default-testResources) @ circle-project ---
[INFO] [INFO] [INFO] Using 'UTF-8' encoding to copy filtered resources.
[INFO] [INFO] [INFO] skip non existing resourceDirectory /Users/batsatt/dev/helidon-build-tools/maven-plugins/helidon-archetype-maven-plugin/target/it/projects/test1/target/test-classes/projects/circle-project/src/test/resources
[INFO] [INFO] [INFO] 
[INFO] [INFO] [INFO] --- maven-compiler-plugin:3.1:testCompile (default-testCompile) @ circle-project ---
[INFO] [INFO] [INFO] No sources to compile
[INFO] [INFO] [INFO] 
[INFO] [INFO] [INFO] --- maven-surefire-plugin:2.12.4:test (default-test) @ circle-project ---
[INFO] [INFO] [INFO] No tests to run.
[INFO] [INFO] [INFO] 
[INFO] [INFO] [INFO] --- maven-jar-plugin:2.4:jar (default-jar) @ circle-project ---
[INFO] [INFO] [INFO] Building jar: /Users/batsatt/dev/helidon-build-tools/maven-plugins/helidon-archetype-maven-plugin/target/it/projects/test1/target/test-classes/projects/circle-project/target/circle-project-0.1-SNAPSHOT.jar
[INFO] [INFO] [INFO] ------------------------------------------------------------------------
[INFO] [INFO] [INFO] BUILD SUCCESS
[INFO] [INFO] [INFO] ------------------------------------------------------------------------
[INFO] [INFO] [INFO] Total time:  1.505 s
[INFO] [INFO] [INFO] Finished at: 2022-01-12T15:05:18-08:00
[INFO] [INFO] [INFO] ------------------------------------------------------------------------
[INFO] [INFO] Post-archetype-generation invoker exit code: 0
[INFO] [INFO] Processing Archetype IT project: test1, combination 1
[INFO] [INFO] Installing /Users/batsatt/dev/helidon-build-tools/maven-plugins/helidon-archetype-maven-plugin/target/it/projects/test1/target/test-archetype1-3.0.0-SNAPSHOT.jar to /Users/batsatt/dev/helidon-build-tools/maven-plugins/helidon-archetype-maven-plugin/target/it-repo/io/helidon/build-tools/archetype/tests/test-archetype1/3.0.0-SNAPSHOT/test-archetype1-3.0.0-SNAPSHOT.jar
[INFO] [INFO] Installing /Users/batsatt/dev/helidon-build-tools/maven-plugins/helidon-archetype-maven-plugin/target/it/projects/test1/pom.xml to /Users/batsatt/dev/helidon-build-tools/maven-plugins/helidon-archetype-maven-plugin/target/it-repo/io/helidon/build-tools/archetype/tests/test-archetype1/3.0.0-SNAPSHOT/test-archetype1-3.0.0-SNAPSHOT.pom
[INFO] [INFO] ----------------------------------------------------------------------------
[INFO] [INFO] Using following parameters for creating project from Archetype: test-archetype1:3.0.0-SNAPSHOT
[INFO] [INFO] ----------------------------------------------------------------------------
[INFO] [INFO] Parameter: groupId, Value: io.helidon.build.maven.archetype.tests
[INFO] [INFO] Parameter: artifactId, Value: triangle-project
[INFO] [INFO] Parameter: version, Value: 0.1-SNAPSHOT
[INFO] [INFO] Parameter: package, Value: io.helidon.build.maven.archetype.tests
[INFO] [INFO] Parameter: packageInPathFormat, Value: io/helidon/build/maven/archetype/tests
[INFO] [INFO] Parameter: package, Value: io.helidon.build.maven.archetype.tests
[INFO] [INFO] Parameter: shape, Value: triangle
[INFO] [INFO] Parameter: groupId, Value: io.helidon.build.maven.archetype.tests
[INFO] [INFO] Parameter: name, Value: TODO-remove-me
[INFO] [INFO] Parameter: artifactId, Value: triangle-project
[INFO] [INFO] Parameter: version, Value: 0.1-SNAPSHOT
[INFO] [INFO] Executing META-INF/archetype-post-generate.groovy post-generation script
[INFO] [INFO] Project created from Archetype in dir: /Users/batsatt/dev/helidon-build-tools/maven-plugins/helidon-archetype-maven-plugin/target/it/projects/test1/target/test-classes/projects/triangle-project
[INFO] [INFO] Invoking post-archetype-generation goal: package
[INFO] [INFO] [INFO] Error stacktraces are turned on.
[INFO] [INFO] [INFO] Scanning for projects...
[INFO] [INFO] [INFO] 
[INFO] [INFO] [INFO] ------< io.helidon.build.maven.archetype.tests:triangle-project >-------
[INFO] [INFO] [INFO] Building triangle-project 0.1-SNAPSHOT
[INFO] [INFO] [INFO] --------------------------------[ jar ]---------------------------------
[INFO] [INFO] [INFO] 
[INFO] [INFO] [INFO] --- maven-resources-plugin:2.6:resources (default-resources) @ triangle-project ---
[INFO] [INFO] [INFO] Using 'UTF-8' encoding to copy filtered resources.
[INFO] [INFO] [INFO] skip non existing resourceDirectory /Users/batsatt/dev/helidon-build-tools/maven-plugins/helidon-archetype-maven-plugin/target/it/projects/test1/target/test-classes/projects/triangle-project/src/main/resources
[INFO] [INFO] [INFO] 
[INFO] [INFO] [INFO] --- maven-compiler-plugin:3.1:compile (default-compile) @ triangle-project ---
[INFO] [INFO] [INFO] Changes detected - recompiling the module!
[INFO] [INFO] [INFO] Compiling 1 source file to /Users/batsatt/dev/helidon-build-tools/maven-plugins/helidon-archetype-maven-plugin/target/it/projects/test1/target/test-classes/projects/triangle-project/target/classes
[INFO] [INFO] [INFO] 
[INFO] [INFO] [INFO] --- maven-resources-plugin:2.6:testResources (default-testResources) @ triangle-project ---
[INFO] [INFO] [INFO] Using 'UTF-8' encoding to copy filtered resources.
[INFO] [INFO] [INFO] skip non existing resourceDirectory /Users/batsatt/dev/helidon-build-tools/maven-plugins/helidon-archetype-maven-plugin/target/it/projects/test1/target/test-classes/projects/triangle-project/src/test/resources
[INFO] [INFO] [INFO] 
[INFO] [INFO] [INFO] --- maven-compiler-plugin:3.1:testCompile (default-testCompile) @ triangle-project ---
[INFO] [INFO] [INFO] No sources to compile
[INFO] [INFO] [INFO] 
[INFO] [INFO] [INFO] --- maven-surefire-plugin:2.12.4:test (default-test) @ triangle-project ---
[INFO] [INFO] [INFO] No tests to run.
[INFO] [INFO] [INFO] 
[INFO] [INFO] [INFO] --- maven-jar-plugin:2.4:jar (default-jar) @ triangle-project ---
[INFO] [INFO] [INFO] Building jar: /Users/batsatt/dev/helidon-build-tools/maven-plugins/helidon-archetype-maven-plugin/target/it/projects/test1/target/test-classes/projects/triangle-project/target/triangle-project-0.1-SNAPSHOT.jar
[INFO] [INFO] [INFO] ------------------------------------------------------------------------
[INFO] [INFO] [INFO] BUILD SUCCESS
[INFO] [INFO] [INFO] ------------------------------------------------------------------------
[INFO] [INFO] [INFO] Total time:  1.595 s
[INFO] [INFO] [INFO] Finished at: 2022-01-12T15:05:21-08:00
[INFO] [INFO] [INFO] ------------------------------------------------------------------------
[INFO] [INFO] Post-archetype-generation invoker exit code: 0
[INFO] [INFO] Processing Archetype IT project: test1, combination 2
[INFO] [INFO] Installing /Users/batsatt/dev/helidon-build-tools/maven-plugins/helidon-archetype-maven-plugin/target/it/projects/test1/target/test-archetype1-3.0.0-SNAPSHOT.jar to /Users/batsatt/dev/helidon-build-tools/maven-plugins/helidon-archetype-maven-plugin/target/it-repo/io/helidon/build-tools/archetype/tests/test-archetype1/3.0.0-SNAPSHOT/test-archetype1-3.0.0-SNAPSHOT.jar
[INFO] [INFO] Installing /Users/batsatt/dev/helidon-build-tools/maven-plugins/helidon-archetype-maven-plugin/target/it/projects/test1/pom.xml to /Users/batsatt/dev/helidon-build-tools/maven-plugins/helidon-archetype-maven-plugin/target/it-repo/io/helidon/build-tools/archetype/tests/test-archetype1/3.0.0-SNAPSHOT/test-archetype1-3.0.0-SNAPSHOT.pom
[INFO] [INFO] ----------------------------------------------------------------------------
[INFO] [INFO] Using following parameters for creating project from Archetype: test-archetype1:3.0.0-SNAPSHOT
[INFO] [INFO] ----------------------------------------------------------------------------
[INFO] [INFO] Parameter: groupId, Value: io.helidon.build.maven.archetype.tests
[INFO] [INFO] Parameter: artifactId, Value: square-project
[INFO] [INFO] Parameter: version, Value: 0.1-SNAPSHOT
[INFO] [INFO] Parameter: package, Value: io.helidon.build.maven.archetype.tests
[INFO] [INFO] Parameter: packageInPathFormat, Value: io/helidon/build/maven/archetype/tests
[INFO] [INFO] Parameter: package, Value: io.helidon.build.maven.archetype.tests
[INFO] [INFO] Parameter: shape, Value: square
[INFO] [INFO] Parameter: groupId, Value: io.helidon.build.maven.archetype.tests
[INFO] [INFO] Parameter: name, Value: TODO-remove-me
[INFO] [INFO] Parameter: artifactId, Value: square-project
[INFO] [INFO] Parameter: version, Value: 0.1-SNAPSHOT
[INFO] [INFO] Executing META-INF/archetype-post-generate.groovy post-generation script
[INFO] [INFO] Project created from Archetype in dir: /Users/batsatt/dev/helidon-build-tools/maven-plugins/helidon-archetype-maven-plugin/target/it/projects/test1/target/test-classes/projects/square-project
[INFO] [INFO] Invoking post-archetype-generation goal: package
[INFO] [INFO] [INFO] Error stacktraces are turned on.
[INFO] [INFO] [INFO] Scanning for projects...
[INFO] [INFO] [INFO] 
[INFO] [INFO] [INFO] -------< io.helidon.build.maven.archetype.tests:square-project >--------
[INFO] [INFO] [INFO] Building square-project 0.1-SNAPSHOT
[INFO] [INFO] [INFO] --------------------------------[ jar ]---------------------------------
[INFO] [INFO] [INFO] 
[INFO] [INFO] [INFO] --- maven-resources-plugin:2.6:resources (default-resources) @ square-project ---
[INFO] [INFO] [INFO] Using 'UTF-8' encoding to copy filtered resources.
[INFO] [INFO] [INFO] skip non existing resourceDirectory /Users/batsatt/dev/helidon-build-tools/maven-plugins/helidon-archetype-maven-plugin/target/it/projects/test1/target/test-classes/projects/square-project/src/main/resources
[INFO] [INFO] [INFO] 
[INFO] [INFO] [INFO] --- maven-compiler-plugin:3.1:compile (default-compile) @ square-project ---
[INFO] [INFO] [INFO] Changes detected - recompiling the module!
[INFO] [INFO] [INFO] Compiling 1 source file to /Users/batsatt/dev/helidon-build-tools/maven-plugins/helidon-archetype-maven-plugin/target/it/projects/test1/target/test-classes/projects/square-project/target/classes
[INFO] [INFO] [INFO] 
[INFO] [INFO] [INFO] --- maven-resources-plugin:2.6:testResources (default-testResources) @ square-project ---
[INFO] [INFO] [INFO] Using 'UTF-8' encoding to copy filtered resources.
[INFO] [INFO] [INFO] skip non existing resourceDirectory /Users/batsatt/dev/helidon-build-tools/maven-plugins/helidon-archetype-maven-plugin/target/it/projects/test1/target/test-classes/projects/square-project/src/test/resources
[INFO] [INFO] [INFO] 
[INFO] [INFO] [INFO] --- maven-compiler-plugin:3.1:testCompile (default-testCompile) @ square-project ---
[INFO] [INFO] [INFO] No sources to compile
[INFO] [INFO] [INFO] 
[INFO] [INFO] [INFO] --- maven-surefire-plugin:2.12.4:test (default-test) @ square-project ---
[INFO] [INFO] [INFO] No tests to run.
[INFO] [INFO] [INFO] 
[INFO] [INFO] [INFO] --- maven-jar-plugin:2.4:jar (default-jar) @ square-project ---
[INFO] [INFO] [INFO] Building jar: /Users/batsatt/dev/helidon-build-tools/maven-plugins/helidon-archetype-maven-plugin/target/it/projects/test1/target/test-classes/projects/square-project/target/square-project-0.1-SNAPSHOT.jar
[INFO] [INFO] [INFO] ------------------------------------------------------------------------
[INFO] [INFO] [INFO] BUILD SUCCESS
[INFO] [INFO] [INFO] ------------------------------------------------------------------------
[INFO] [INFO] [INFO] Total time:  1.666 s
[INFO] [INFO] [INFO] Finished at: 2022-01-12T15:05:24-08:00
[INFO] [INFO] [INFO] ------------------------------------------------------------------------
[INFO] [INFO] Post-archetype-generation invoker exit code: 0
[INFO] [INFO] 
[INFO] [INFO] --- maven-install-plugin:3.0.0-M1:install (default-install) @ test-archetype1 ---
[INFO] [INFO] Downloading from local.central: file:///Users/batsatt/.m2/repository/org/apache/maven/maven-plugin-api/3.0/maven-plugin-api-3.0.pom
[INFO] [INFO] Downloaded from local.central: file:///Users/batsatt/.m2/repository/org/apache/maven/maven-plugin-api/3.0/maven-plugin-api-3.0.pom (2.3 kB at 572 kB/s)
[INFO] [INFO] Downloading from local.central: file:///Users/batsatt/.m2/repository/org/apache/maven/maven-model/3.0/maven-model-3.0.pom
[INFO] [INFO] Downloaded from local.central: file:///Users/batsatt/.m2/repository/org/apache/maven/maven-model/3.0/maven-model-3.0.pom (3.9 kB at 1.3 MB/s)
[INFO] [INFO] Downloading from local.central: file:///Users/batsatt/.m2/repository/org/codehaus/plexus/plexus-utils/2.0.4/plexus-utils-2.0.4.pom
[INFO] [INFO] Downloaded from local.central: file:///Users/batsatt/.m2/repository/org/codehaus/plexus/plexus-utils/2.0.4/plexus-utils-2.0.4.pom (3.3 kB at 834 kB/s)
[INFO] [INFO] Downloading from local.central: file:///Users/batsatt/.m2/repository/org/apache/maven/maven-artifact/3.0/maven-artifact-3.0.pom
[INFO] [INFO] Downloaded from local.central: file:///Users/batsatt/.m2/repository/org/apache/maven/maven-artifact/3.0/maven-artifact-3.0.pom (1.9 kB at 482 kB/s)
[INFO] [INFO] Downloading from local.central: file:///Users/batsatt/.m2/repository/org/codehaus/plexus/plexus-component-annotations/1.7.1/plexus-component-annotations-1.7.1.pom
[INFO] [INFO] Downloaded from local.central: file:///Users/batsatt/.m2/repository/org/codehaus/plexus/plexus-component-annotations/1.7.1/plexus-component-annotations-1.7.1.pom (770 B at 192 kB/s)
[INFO] [INFO] Downloading from local.central: file:///Users/batsatt/.m2/repository/org/codehaus/plexus/plexus-containers/1.7.1/plexus-containers-1.7.1.pom
[INFO] [INFO] Downloaded from local.central: file:///Users/batsatt/.m2/repository/org/codehaus/plexus/plexus-containers/1.7.1/plexus-containers-1.7.1.pom (5.0 kB at 1.3 MB/s)
[INFO] [INFO] Downloading from local.central: file:///Users/batsatt/.m2/repository/org/codehaus/plexus/plexus-utils/2.0.5/plexus-utils-2.0.5.pom
[INFO] [INFO] Downloaded from local.central: file:///Users/batsatt/.m2/repository/org/codehaus/plexus/plexus-utils/2.0.5/plexus-utils-2.0.5.pom (3.3 kB at 834 kB/s)
[INFO] [INFO] Downloading from local.central: file:///Users/batsatt/.m2/repository/org/apache/maven/shared/maven-artifact-transfer/0.10.0/maven-artifact-transfer-0.10.0.pom
[INFO] [INFO] Downloaded from local.central: file:///Users/batsatt/.m2/repository/org/apache/maven/shared/maven-artifact-transfer/0.10.0/maven-artifact-transfer-0.10.0.pom (12 kB at 2.9 MB/s)
[INFO] [INFO] Downloading from local.central: file:///Users/batsatt/.m2/repository/org/apache/maven/maven-core/3.0/maven-core-3.0.pom
[INFO] [INFO] Downloaded from local.central: file:///Users/batsatt/.m2/repository/org/apache/maven/maven-core/3.0/maven-core-3.0.pom (6.6 kB at 1.7 MB/s)
[INFO] [INFO] Downloading from local.central: file:///Users/batsatt/.m2/repository/org/apache/maven/maven-repository-metadata/3.0/maven-repository-metadata-3.0.pom
[INFO] [INFO] Downloaded from local.central: file:///Users/batsatt/.m2/repository/org/apache/maven/maven-repository-metadata/3.0/maven-repository-metadata-3.0.pom (1.9 kB at 482 kB/s)
[INFO] [INFO] Downloading from local.central: file:///Users/batsatt/.m2/repository/org/apache/maven/maven-model-builder/3.0/maven-model-builder-3.0.pom
[INFO] [INFO] Downloaded from local.central: file:///Users/batsatt/.m2/repository/org/apache/maven/maven-model-builder/3.0/maven-model-builder-3.0.pom (2.2 kB at 562 kB/s)
[INFO] [INFO] Downloading from local.central: file:///Users/batsatt/.m2/repository/org/apache/maven/maven-aether-provider/3.0/maven-aether-provider-3.0.pom
[INFO] [INFO] Downloaded from local.central: file:///Users/batsatt/.m2/repository/org/apache/maven/maven-aether-provider/3.0/maven-aether-provider-3.0.pom (2.5 kB at 618 kB/s)
[INFO] [INFO] Downloading from local.central: file:///Users/batsatt/.m2/repository/org/sonatype/aether/aether-api/1.7/aether-api-1.7.pom
[INFO] [INFO] Downloaded from local.central: file:///Users/batsatt/.m2/repository/org/sonatype/aether/aether-api/1.7/aether-api-1.7.pom (1.7 kB at 279 kB/s)
[INFO] [INFO] Downloading from local.central: file:///Users/batsatt/.m2/repository/org/sonatype/aether/aether-parent/1.7/aether-parent-1.7.pom
[INFO] [INFO] Downloaded from local.central: file:///Users/batsatt/.m2/repository/org/sonatype/aether/aether-parent/1.7/aether-parent-1.7.pom (7.7 kB at 1.5 MB/s)
[INFO] [INFO] Downloading from local.central: file:///Users/batsatt/.m2/repository/org/sonatype/aether/aether-util/1.7/aether-util-1.7.pom
[INFO] [INFO] Downloaded from local.central: file:///Users/batsatt/.m2/repository/org/sonatype/aether/aether-util/1.7/aether-util-1.7.pom (2.1 kB at 412 kB/s)
[INFO] [INFO] Downloading from local.central: file:///Users/batsatt/.m2/repository/org/sonatype/aether/aether-impl/1.7/aether-impl-1.7.pom
[INFO] [INFO] Downloaded from local.central: file:///Users/batsatt/.m2/repository/org/sonatype/aether/aether-impl/1.7/aether-impl-1.7.pom (3.7 kB at 923 kB/s)
[INFO] [INFO] Downloading from local.central: file:///Users/batsatt/.m2/repository/org/sonatype/aether/aether-spi/1.7/aether-spi-1.7.pom
[INFO] [INFO] Downloaded from local.central: file:///Users/batsatt/.m2/repository/org/sonatype/aether/aether-spi/1.7/aether-spi-1.7.pom (1.7 kB at 580 kB/s)
[INFO] [INFO] Downloading from local.central: file:///Users/batsatt/.m2/repository/org/apache/maven/shared/maven-common-artifact-filters/3.0.1/maven-common-artifact-filters-3.0.1.pom
[INFO] [INFO] Downloaded from local.central: file:///Users/batsatt/.m2/repository/org/apache/maven/shared/maven-common-artifact-filters/3.0.1/maven-common-artifact-filters-3.0.1.pom (4.8 kB at 1.2 MB/s)
[INFO] [INFO] Downloading from local.central: file:///Users/batsatt/.m2/repository/org/codehaus/plexus/plexus-utils/3.1.0/plexus-utils-3.1.0.pom
[INFO] [INFO] Downloaded from local.central: file:///Users/batsatt/.m2/repository/org/codehaus/plexus/plexus-utils/3.1.0/plexus-utils-3.1.0.pom (4.7 kB at 1.2 MB/s)
[INFO] [INFO] Downloading from local.central: file:///Users/batsatt/.m2/repository/commons-codec/commons-codec/1.11/commons-codec-1.11.pom
[INFO] [INFO] Downloaded from local.central: file:///Users/batsatt/.m2/repository/commons-codec/commons-codec/1.11/commons-codec-1.11.pom (14 kB at 3.5 MB/s)
[INFO] [INFO] Downloading from local.central: file:///Users/batsatt/.m2/repository/org/slf4j/slf4j-api/1.7.5/slf4j-api-1.7.5.pom
[INFO] [INFO] Downloaded from local.central: file:///Users/batsatt/.m2/repository/org/slf4j/slf4j-api/1.7.5/slf4j-api-1.7.5.pom (2.7 kB at 672 kB/s)
[INFO] [INFO] Downloading from local.central: file:///Users/batsatt/.m2/repository/org/slf4j/slf4j-parent/1.7.5/slf4j-parent-1.7.5.pom
[INFO] [INFO] Downloaded from local.central: file:///Users/batsatt/.m2/repository/org/slf4j/slf4j-parent/1.7.5/slf4j-parent-1.7.5.pom (12 kB at 3.0 MB/s)
[INFO] [INFO] Downloading from local.central: file:///Users/batsatt/.m2/repository/org/apache/maven/maven-plugin-api/3.0/maven-plugin-api-3.0.jar
[INFO] [INFO] Downloading from local.central: file:///Users/batsatt/.m2/repository/org/apache/maven/maven-model/3.0/maven-model-3.0.jar
[INFO] [INFO] Downloading from local.central: file:///Users/batsatt/.m2/repository/org/codehaus/plexus/plexus-classworlds/2.2.3/plexus-classworlds-2.2.3.jar
[INFO] [INFO] Downloading from local.central: file:///Users/batsatt/.m2/repository/org/apache/maven/maven-artifact/3.0/maven-artifact-3.0.jar
[INFO] [INFO] Downloading from local.central: file:///Users/batsatt/.m2/repository/org/codehaus/plexus/plexus-utils/2.0.4/plexus-utils-2.0.4.jar
[INFO] [INFO] Downloaded from local.central: file:///Users/batsatt/.m2/repository/org/apache/maven/maven-artifact/3.0/maven-artifact-3.0.jar (52 kB at 10 MB/s)
[INFO] [INFO] Downloaded from local.central: file:///Users/batsatt/.m2/repository/org/apache/maven/maven-plugin-api/3.0/maven-plugin-api-3.0.jar (49 kB at 9.8 MB/s)
[INFO] [INFO] Downloading from local.central: file:///Users/batsatt/.m2/repository/org/apache/maven/shared/maven-artifact-transfer/0.10.0/maven-artifact-transfer-0.10.0.jar
[INFO] [INFO] Downloading from local.central: file:///Users/batsatt/.m2/repository/org/apache/maven/maven-core/3.0/maven-core-3.0.jar
[INFO] [INFO] Downloaded from local.central: file:///Users/batsatt/.m2/repository/org/codehaus/plexus/plexus-classworlds/2.2.3/plexus-classworlds-2.2.3.jar (46 kB at 9.2 MB/s)
[INFO] [INFO] Downloading from local.central: file:///Users/batsatt/.m2/repository/org/apache/maven/maven-settings/3.0/maven-settings-3.0.jar
[INFO] [INFO] Downloaded from local.central: file:///Users/batsatt/.m2/repository/org/apache/maven/maven-model/3.0/maven-model-3.0.jar (165 kB at 21 MB/s)
[INFO] [INFO] Downloading from local.central: file:///Users/batsatt/.m2/repository/org/apache/maven/maven-settings-builder/3.0/maven-settings-builder-3.0.jar
[INFO] [INFO] Downloaded from local.central: file:///Users/batsatt/.m2/repository/org/codehaus/plexus/plexus-utils/2.0.4/plexus-utils-2.0.4.jar (222 kB at 28 MB/s)
[INFO] [INFO] Downloading from local.central: file:///Users/batsatt/.m2/repository/org/apache/maven/maven-repository-metadata/3.0/maven-repository-metadata-3.0.jar
[INFO] [INFO] Downloaded from local.central: file:///Users/batsatt/.m2/repository/org/apache/maven/maven-settings/3.0/maven-settings-3.0.jar (47 kB at 4.7 MB/s)
[INFO] [INFO] Downloading from local.central: file:///Users/batsatt/.m2/repository/org/apache/maven/maven-model-builder/3.0/maven-model-builder-3.0.jar
[INFO] [INFO] Downloaded from local.central: file:///Users/batsatt/.m2/repository/org/apache/maven/shared/maven-artifact-transfer/0.10.0/maven-artifact-transfer-0.10.0.jar (128 kB at 12 MB/s)
[INFO] [INFO] Downloading from local.central: file:///Users/batsatt/.m2/repository/org/apache/maven/maven-aether-provider/3.0/maven-aether-provider-3.0.jar
[INFO] [INFO] Downloaded from local.central: file:///Users/batsatt/.m2/repository/org/apache/maven/maven-repository-metadata/3.0/maven-repository-metadata-3.0.jar (30 kB at 2.5 MB/s)
[INFO] [INFO] Downloading from local.central: file:///Users/batsatt/.m2/repository/org/sonatype/aether/aether-impl/1.7/aether-impl-1.7.jar
[INFO] [INFO] Downloaded from local.central: file:///Users/batsatt/.m2/repository/org/apache/maven/maven-settings-builder/3.0/maven-settings-builder-3.0.jar (38 kB at 3.1 MB/s)
[INFO] [INFO] Downloading from local.central: file:///Users/batsatt/.m2/repository/org/sonatype/aether/aether-spi/1.7/aether-spi-1.7.jar
[INFO] [INFO] Downloaded from local.central: file:///Users/batsatt/.m2/repository/org/apache/maven/maven-aether-provider/3.0/maven-aether-provider-3.0.jar (51 kB at 3.2 MB/s)
[INFO] [INFO] Downloaded from local.central: file:///Users/batsatt/.m2/repository/org/sonatype/aether/aether-spi/1.7/aether-spi-1.7.jar (14 kB at 847 kB/s)
[INFO] [INFO] Downloading from local.central: file:///Users/batsatt/.m2/repository/org/sonatype/aether/aether-api/1.7/aether-api-1.7.jar
[INFO] [INFO] Downloading from local.central: file:///Users/batsatt/.m2/repository/org/sonatype/aether/aether-util/1.7/aether-util-1.7.jar
[INFO] [INFO] Downloaded from local.central: file:///Users/batsatt/.m2/repository/org/apache/maven/maven-model-builder/3.0/maven-model-builder-3.0.jar (148 kB at 8.7 MB/s)
[INFO] [INFO] Downloading from local.central: file:///Users/batsatt/.m2/repository/org/codehaus/plexus/plexus-interpolation/1.14/plexus-interpolation-1.14.jar
[INFO] [INFO] Downloaded from local.central: file:///Users/batsatt/.m2/repository/org/sonatype/aether/aether-impl/1.7/aether-impl-1.7.jar (106 kB at 5.9 MB/s)
[INFO] [INFO] Downloading from local.central: file:///Users/batsatt/.m2/repository/org/codehaus/plexus/plexus-component-annotations/1.7.1/plexus-component-annotations-1.7.1.jar
[INFO] [INFO] Downloaded from local.central: file:///Users/batsatt/.m2/repository/org/apache/maven/maven-core/3.0/maven-core-3.0.jar (527 kB at 28 MB/s)
[INFO] [INFO] Downloading from local.central: file:///Users/batsatt/.m2/repository/org/apache/maven/shared/maven-common-artifact-filters/3.0.1/maven-common-artifact-filters-3.0.1.jar
[INFO] [INFO] Downloaded from local.central: file:///Users/batsatt/.m2/repository/org/codehaus/plexus/plexus-component-annotations/1.7.1/plexus-component-annotations-1.7.1.jar (4.3 kB at 186 kB/s)
[INFO] [INFO] Downloading from local.central: file:///Users/batsatt/.m2/repository/org/apache/maven/shared/maven-shared-utils/3.1.0/maven-shared-utils-3.1.0.jar
[INFO] [INFO] Downloaded from local.central: file:///Users/batsatt/.m2/repository/org/sonatype/aether/aether-util/1.7/aether-util-1.7.jar (108 kB at 4.5 MB/s)
[INFO] [INFO] Downloaded from local.central: file:///Users/batsatt/.m2/repository/org/sonatype/aether/aether-api/1.7/aether-api-1.7.jar (74 kB at 3.1 MB/s)
[INFO] [INFO] Downloading from local.central: file:///Users/batsatt/.m2/repository/commons-codec/commons-codec/1.11/commons-codec-1.11.jar
[INFO] [INFO] Downloading from local.central: file:///Users/batsatt/.m2/repository/org/slf4j/slf4j-api/1.7.5/slf4j-api-1.7.5.jar
[INFO] [INFO] Downloaded from local.central: file:///Users/batsatt/.m2/repository/org/codehaus/plexus/plexus-interpolation/1.14/plexus-interpolation-1.14.jar (61 kB at 2.5 MB/s)
[INFO] [INFO] Downloaded from local.central: file:///Users/batsatt/.m2/repository/org/apache/maven/shared/maven-common-artifact-filters/3.0.1/maven-common-artifact-filters-3.0.1.jar (61 kB at 2.4 MB/s)
[INFO] [INFO] Downloaded from local.central: file:///Users/batsatt/.m2/repository/org/slf4j/slf4j-api/1.7.5/slf4j-api-1.7.5.jar (26 kB at 899 kB/s)
[INFO] [INFO] Downloaded from local.central: file:///Users/batsatt/.m2/repository/org/apache/maven/shared/maven-shared-utils/3.1.0/maven-shared-utils-3.1.0.jar (164 kB at 5.3 MB/s)
[INFO] [INFO] Downloaded from local.central: file:///Users/batsatt/.m2/repository/commons-codec/commons-codec/1.11/commons-codec-1.11.jar (335 kB at 9.9 MB/s)
[INFO] [INFO] Installing /Users/batsatt/dev/helidon-build-tools/maven-plugins/helidon-archetype-maven-plugin/target/it/projects/test1/target/test-archetype1-3.0.0-SNAPSHOT.jar to /Users/batsatt/dev/helidon-build-tools/maven-plugins/helidon-archetype-maven-plugin/target/it-repo/io/helidon/build-tools/archetype/tests/test-archetype1/3.0.0-SNAPSHOT/test-archetype1-3.0.0-SNAPSHOT.jar
[INFO] [INFO] Installing /Users/batsatt/dev/helidon-build-tools/maven-plugins/helidon-archetype-maven-plugin/target/it/projects/test1/pom.xml to /Users/batsatt/dev/helidon-build-tools/maven-plugins/helidon-archetype-maven-plugin/target/it-repo/io/helidon/build-tools/archetype/tests/test-archetype1/3.0.0-SNAPSHOT/test-archetype1-3.0.0-SNAPSHOT.pom
[INFO] [INFO] ------------------------------------------------------------------------
[INFO] [INFO] BUILD SUCCESS
[INFO] [INFO] ------------------------------------------------------------------------
[INFO] [INFO] Total time:  13.637 s
[INFO] [INFO] Finished at: 2022-01-12T15:05:25-08:00
[INFO] [INFO] ------------------------------------------------------------------------
[INFO] run post-build script postbuild.groovy
[INFO] Running post-build script: /Users/batsatt/dev/helidon-build-tools/maven-plugins/helidon-archetype-maven-plugin/target/it/projects/test1/postbuild.groovy
[INFO] Finished post-build script: /Users/batsatt/dev/helidon-build-tools/maven-plugins/helidon-archetype-maven-plugin/target/it/projects/test1/postbuild.groovy
[INFO]           projects/test1/pom.xml ........................... SUCCESS (16.0 s)
[INFO] Building: projects/test4/pom.xml
[INFO] [INFO] Error stacktraces are turned on.
[INFO] [INFO] Scanning for projects...
[INFO] [INFO] ------------------------------------------------------------------------
[INFO] [INFO] Reactor Build Order:
[INFO] [INFO] 
[INFO] [INFO] Test Archetype 4                                                   [pom]
[INFO] [INFO] Test Archetype 4 - Module 1                          [helidon-archetype]
[INFO] [INFO] Test Archetype 4 - Module 2                          [helidon-archetype]
[INFO] [INFO] Test Archetype 4 - Module 3                          [helidon-archetype]
[INFO] [INFO] 
[INFO] [INFO] -----------< io.helidon.build-tools.archetype.tests:parent >------------
[INFO] [INFO] Building Test Archetype 4 3.0.0-SNAPSHOT                           [1/4]
[INFO] [INFO] --------------------------------[ pom ]---------------------------------
[INFO] [INFO] Downloading from local.central: file:///Users/batsatt/.m2/repository/org/apache/maven/plugins/maven-install-plugin/2.4/maven-install-plugin-2.4.pom
[INFO] [INFO] Downloaded from local.central: file:///Users/batsatt/.m2/repository/org/apache/maven/plugins/maven-install-plugin/2.4/maven-install-plugin-2.4.pom (6.4 kB at 236 kB/s)
[INFO] [INFO] Downloading from local.central: file:///Users/batsatt/.m2/repository/org/apache/maven/plugins/maven-plugins/23/maven-plugins-23.pom
[INFO] [INFO] Downloaded from local.central: file:///Users/batsatt/.m2/repository/org/apache/maven/plugins/maven-plugins/23/maven-plugins-23.pom (9.2 kB at 1.5 MB/s)
[INFO] [INFO] Downloading from local.central: file:///Users/batsatt/.m2/repository/org/apache/maven/maven-parent/22/maven-parent-22.pom
[INFO] [INFO] Downloaded from local.central: file:///Users/batsatt/.m2/repository/org/apache/maven/maven-parent/22/maven-parent-22.pom (30 kB at 3.7 MB/s)
[INFO] [INFO] Downloading from local.central: file:///Users/batsatt/.m2/repository/org/apache/apache/11/apache-11.pom
[INFO] [INFO] Downloaded from local.central: file:///Users/batsatt/.m2/repository/org/apache/apache/11/apache-11.pom (15 kB at 3.0 MB/s)
[INFO] [INFO] Downloading from local.central: file:///Users/batsatt/.m2/repository/org/apache/maven/plugins/maven-install-plugin/2.4/maven-install-plugin-2.4.jar
[INFO] [INFO] Downloaded from local.central: file:///Users/batsatt/.m2/repository/org/apache/maven/plugins/maven-install-plugin/2.4/maven-install-plugin-2.4.jar (27 kB at 5.4 MB/s)
[INFO] [INFO] 
[INFO] [INFO] --- maven-clean-plugin:2.5:clean (default-clean) @ parent ---
[INFO] [INFO] 
[INFO] [INFO] --- maven-install-plugin:2.4:install (default-install) @ parent ---
[INFO] [INFO] Downloading from local.central: file:///Users/batsatt/.m2/repository/org/apache/maven/maven-project/2.0.6/maven-project-2.0.6.pom
[INFO] [INFO] Downloaded from local.central: file:///Users/batsatt/.m2/repository/org/apache/maven/maven-project/2.0.6/maven-project-2.0.6.pom (2.6 kB at 659 kB/s)
[INFO] [INFO] Downloading from local.central: file:///Users/batsatt/.m2/repository/org/apache/maven/maven-settings/2.0.6/maven-settings-2.0.6.pom
[INFO] [INFO] Downloaded from local.central: file:///Users/batsatt/.m2/repository/org/apache/maven/maven-settings/2.0.6/maven-settings-2.0.6.pom (2.0 kB at 667 kB/s)
[INFO] [INFO] Downloading from local.central: file:///Users/batsatt/.m2/repository/org/apache/maven/maven-model/2.0.6/maven-model-2.0.6.pom
[INFO] [INFO] Downloaded from local.central: file:///Users/batsatt/.m2/repository/org/apache/maven/maven-model/2.0.6/maven-model-2.0.6.pom (3.0 kB at 1.0 MB/s)
[INFO] [INFO] Downloading from local.central: file:///Users/batsatt/.m2/repository/org/codehaus/plexus/plexus-utils/1.4.1/plexus-utils-1.4.1.pom
[INFO] [INFO] Downloaded from local.central: file:///Users/batsatt/.m2/repository/org/codehaus/plexus/plexus-utils/1.4.1/plexus-utils-1.4.1.pom (1.9 kB at 636 kB/s)
[INFO] [INFO] Downloading from local.central: file:///Users/batsatt/.m2/repository/org/codehaus/plexus/plexus-container-default/1.0-alpha-9-stable-1/plexus-container-default-1.0-alpha-9-stable-1.pom
[INFO] [INFO] Downloaded from local.central: file:///Users/batsatt/.m2/repository/org/codehaus/plexus/plexus-container-default/1.0-alpha-9-stable-1/plexus-container-default-1.0-alpha-9-stable-1.pom (3.9 kB at 790 kB/s)
[INFO] [INFO] Downloading from local.central: file:///Users/batsatt/.m2/repository/org/codehaus/plexus/plexus-containers/1.0.3/plexus-containers-1.0.3.pom
[INFO] [INFO] Downloaded from local.central: file:///Users/batsatt/.m2/repository/org/codehaus/plexus/plexus-containers/1.0.3/plexus-containers-1.0.3.pom (492 B at 164 kB/s)
[INFO] [INFO] Downloading from local.central: file:///Users/batsatt/.m2/repository/org/codehaus/plexus/plexus/1.0.4/plexus-1.0.4.pom
[INFO] [INFO] Downloaded from local.central: file:///Users/batsatt/.m2/repository/org/codehaus/plexus/plexus/1.0.4/plexus-1.0.4.pom (5.7 kB at 1.9 MB/s)
[INFO] [INFO] Downloading from local.central: file:///Users/batsatt/.m2/repository/junit/junit/3.8.1/junit-3.8.1.pom
[INFO] [INFO] Downloaded from local.central: file:///Users/batsatt/.m2/repository/junit/junit/3.8.1/junit-3.8.1.pom (998 B at 250 kB/s)
[INFO] [INFO] Downloading from local.central: file:///Users/batsatt/.m2/repository/org/codehaus/plexus/plexus-utils/1.0.4/plexus-utils-1.0.4.pom
[INFO] [INFO] Downloaded from local.central: file:///Users/batsatt/.m2/repository/org/codehaus/plexus/plexus-utils/1.0.4/plexus-utils-1.0.4.pom (6.9 kB at 2.3 MB/s)
[INFO] [INFO] Downloading from local.central: file:///Users/batsatt/.m2/repository/classworlds/classworlds/1.1-alpha-2/classworlds-1.1-alpha-2.pom
[INFO] [INFO] Downloaded from local.central: file:///Users/batsatt/.m2/repository/classworlds/classworlds/1.1-alpha-2/classworlds-1.1-alpha-2.pom (3.1 kB at 782 kB/s)
[INFO] [INFO] Downloading from local.central: file:///Users/batsatt/.m2/repository/org/apache/maven/maven-profile/2.0.6/maven-profile-2.0.6.pom
[INFO] [INFO] Downloaded from local.central: file:///Users/batsatt/.m2/repository/org/apache/maven/maven-profile/2.0.6/maven-profile-2.0.6.pom (2.0 kB at 495 kB/s)
[INFO] [INFO] Downloading from local.central: file:///Users/batsatt/.m2/repository/org/apache/maven/maven-artifact-manager/2.0.6/maven-artifact-manager-2.0.6.pom
[INFO] [INFO] Downloaded from local.central: file:///Users/batsatt/.m2/repository/org/apache/maven/maven-artifact-manager/2.0.6/maven-artifact-manager-2.0.6.pom (2.6 kB at 874 kB/s)
[INFO] [INFO] Downloading from local.central: file:///Users/batsatt/.m2/repository/org/apache/maven/maven-repository-metadata/2.0.6/maven-repository-metadata-2.0.6.pom
[INFO] [INFO] Downloaded from local.central: file:///Users/batsatt/.m2/repository/org/apache/maven/maven-repository-metadata/2.0.6/maven-repository-metadata-2.0.6.pom (1.9 kB at 462 kB/s)
[INFO] [INFO] Downloading from local.central: file:///Users/batsatt/.m2/repository/org/apache/maven/maven-artifact/2.0.6/maven-artifact-2.0.6.pom
[INFO] [INFO] Downloaded from local.central: file:///Users/batsatt/.m2/repository/org/apache/maven/maven-artifact/2.0.6/maven-artifact-2.0.6.pom (1.6 kB at 315 kB/s)
[INFO] [INFO] Downloading from local.central: file:///Users/batsatt/.m2/repository/org/apache/maven/maven-plugin-registry/2.0.6/maven-plugin-registry-2.0.6.pom
[INFO] [INFO] Downloaded from local.central: file:///Users/batsatt/.m2/repository/org/apache/maven/maven-plugin-registry/2.0.6/maven-plugin-registry-2.0.6.pom (1.9 kB at 389 kB/s)
[INFO] [INFO] Downloading from local.central: file:///Users/batsatt/.m2/repository/org/codehaus/plexus/plexus-utils/3.0.5/plexus-utils-3.0.5.pom
[INFO] [INFO] Downloaded from local.central: file:///Users/batsatt/.m2/repository/org/codehaus/plexus/plexus-utils/3.0.5/plexus-utils-3.0.5.pom (2.5 kB at 628 kB/s)
[INFO] [INFO] Downloading from local.central: file:///Users/batsatt/.m2/repository/org/codehaus/plexus/plexus/3.1/plexus-3.1.pom
[INFO] [INFO] Downloaded from local.central: file:///Users/batsatt/.m2/repository/org/codehaus/plexus/plexus/3.1/plexus-3.1.pom (19 kB at 3.1 MB/s)
[INFO] [INFO] Downloading from local.central: file:///Users/batsatt/.m2/repository/org/codehaus/plexus/plexus-digest/1.0/plexus-digest-1.0.pom
[INFO] [INFO] Downloaded from local.central: file:///Users/batsatt/.m2/repository/org/codehaus/plexus/plexus-digest/1.0/plexus-digest-1.0.pom (1.1 kB at 212 kB/s)
[INFO] [INFO] Downloading from local.central: file:///Users/batsatt/.m2/repository/org/codehaus/plexus/plexus-components/1.1.7/plexus-components-1.1.7.pom
[INFO] [INFO] Downloaded from local.central: file:///Users/batsatt/.m2/repository/org/codehaus/plexus/plexus-components/1.1.7/plexus-components-1.1.7.pom (5.0 kB at 829 kB/s)
[INFO] [INFO] Downloading from local.central: file:///Users/batsatt/.m2/repository/org/codehaus/plexus/plexus/1.0.8/plexus-1.0.8.pom
[INFO] [INFO] Downloaded from local.central: file:///Users/batsatt/.m2/repository/org/codehaus/plexus/plexus/1.0.8/plexus-1.0.8.pom (7.2 kB at 1.4 MB/s)
[INFO] [INFO] Downloading from local.central: file:///Users/batsatt/.m2/repository/org/codehaus/plexus/plexus-container-default/1.0-alpha-8/plexus-container-default-1.0-alpha-8.pom
[INFO] [INFO] Downloaded from local.central: file:///Users/batsatt/.m2/repository/org/codehaus/plexus/plexus-container-default/1.0-alpha-8/plexus-container-default-1.0-alpha-8.pom (7.3 kB at 1.5 MB/s)
[INFO] [INFO] Downloading from local.central: file:///Users/batsatt/.m2/repository/org/apache/maven/maven-project/2.0.6/maven-project-2.0.6.jar
[INFO] [INFO] Downloading from local.central: file:///Users/batsatt/.m2/repository/org/apache/maven/maven-settings/2.0.6/maven-settings-2.0.6.jar
[INFO] [INFO] Downloading from local.central: file:///Users/batsatt/.m2/repository/org/apache/maven/maven-profile/2.0.6/maven-profile-2.0.6.jar
[INFO] [INFO] Downloading from local.central: file:///Users/batsatt/.m2/repository/org/apache/maven/maven-plugin-registry/2.0.6/maven-plugin-registry-2.0.6.jar
[INFO] [INFO] Downloading from local.central: file:///Users/batsatt/.m2/repository/org/codehaus/plexus/plexus-container-default/1.0-alpha-9-stable-1/plexus-container-default-1.0-alpha-9-stable-1.jar
[INFO] [INFO] Downloaded from local.central: file:///Users/batsatt/.m2/repository/org/apache/maven/maven-settings/2.0.6/maven-settings-2.0.6.jar (49 kB at 4.9 MB/s)
[INFO] [INFO] Downloaded from local.central: file:///Users/batsatt/.m2/repository/org/apache/maven/maven-profile/2.0.6/maven-profile-2.0.6.jar (35 kB at 3.5 MB/s)
[INFO] [INFO] Downloaded from local.central: file:///Users/batsatt/.m2/repository/org/apache/maven/maven-plugin-registry/2.0.6/maven-plugin-registry-2.0.6.jar (29 kB at 3.2 MB/s)
[INFO] [INFO] Downloading from local.central: file:///Users/batsatt/.m2/repository/junit/junit/3.8.1/junit-3.8.1.jar
[INFO] [INFO] Downloading from local.central: file:///Users/batsatt/.m2/repository/org/apache/maven/maven-model/2.0.6/maven-model-2.0.6.jar
[INFO] [INFO] Downloading from local.central: file:///Users/batsatt/.m2/repository/classworlds/classworlds/1.1-alpha-2/classworlds-1.1-alpha-2.jar
[INFO] [INFO] Downloaded from local.central: file:///Users/batsatt/.m2/repository/org/apache/maven/maven-project/2.0.6/maven-project-2.0.6.jar (116 kB at 7.7 MB/s)
[INFO] [INFO] Downloading from local.central: file:///Users/batsatt/.m2/repository/org/apache/maven/maven-artifact-manager/2.0.6/maven-artifact-manager-2.0.6.jar
[INFO] [INFO] Downloaded from local.central: file:///Users/batsatt/.m2/repository/org/codehaus/plexus/plexus-container-default/1.0-alpha-9-stable-1/plexus-container-default-1.0-alpha-9-stable-1.jar (194 kB at 13 MB/s)
[INFO] [INFO] Downloading from local.central: file:///Users/batsatt/.m2/repository/org/apache/maven/maven-repository-metadata/2.0.6/maven-repository-metadata-2.0.6.jar
[INFO] [INFO] Downloaded from local.central: file:///Users/batsatt/.m2/repository/classworlds/classworlds/1.1-alpha-2/classworlds-1.1-alpha-2.jar (38 kB at 2.1 MB/s)
[INFO] [INFO] Downloading from local.central: file:///Users/batsatt/.m2/repository/org/apache/maven/maven-artifact/2.0.6/maven-artifact-2.0.6.jar
[INFO] [INFO] Downloaded from local.central: file:///Users/batsatt/.m2/repository/org/apache/maven/maven-model/2.0.6/maven-model-2.0.6.jar (86 kB at 4.3 MB/s)
[INFO] [INFO] Downloading from local.central: file:///Users/batsatt/.m2/repository/org/codehaus/plexus/plexus-utils/3.0.5/plexus-utils-3.0.5.jar
[INFO] [INFO] Downloaded from local.central: file:///Users/batsatt/.m2/repository/org/apache/maven/maven-repository-metadata/2.0.6/maven-repository-metadata-2.0.6.jar (24 kB at 1.2 MB/s)
[INFO] [INFO] Downloading from local.central: file:///Users/batsatt/.m2/repository/org/codehaus/plexus/plexus-digest/1.0/plexus-digest-1.0.jar
[INFO] [INFO] Downloaded from local.central: file:///Users/batsatt/.m2/repository/org/apache/maven/maven-artifact-manager/2.0.6/maven-artifact-manager-2.0.6.jar (57 kB at 2.7 MB/s)
[INFO] [INFO] Downloaded from local.central: file:///Users/batsatt/.m2/repository/junit/junit/3.8.1/junit-3.8.1.jar (121 kB at 5.8 MB/s)
[INFO] [INFO] Downloaded from local.central: file:///Users/batsatt/.m2/repository/org/apache/maven/maven-artifact/2.0.6/maven-artifact-2.0.6.jar (87 kB at 3.5 MB/s)
[INFO] [INFO] Downloaded from local.central: file:///Users/batsatt/.m2/repository/org/codehaus/plexus/plexus-digest/1.0/plexus-digest-1.0.jar (12 kB at 474 kB/s)
[INFO] [INFO] Downloaded from local.central: file:///Users/batsatt/.m2/repository/org/codehaus/plexus/plexus-utils/3.0.5/plexus-utils-3.0.5.jar (230 kB at 7.7 MB/s)
[INFO] [INFO] Installing /Users/batsatt/dev/helidon-build-tools/maven-plugins/helidon-archetype-maven-plugin/target/it/projects/test4/pom.xml to /Users/batsatt/dev/helidon-build-tools/maven-plugins/helidon-archetype-maven-plugin/target/it-repo/io/helidon/build-tools/archetype/tests/parent/3.0.0-SNAPSHOT/parent-3.0.0-SNAPSHOT.pom
[INFO] [INFO] 
[INFO] [INFO] -------< io.helidon.build-tools.archetype.tests:test-archetype1 >-------
[INFO] [INFO] Building Test Archetype 4 - Module 1 3.0.0-SNAPSHOT                [2/4]
[INFO] [INFO] -------------------------[ helidon-archetype ]--------------------------
[INFO] [INFO] 
[INFO] [INFO] --- maven-clean-plugin:2.5:clean (default-clean) @ test-archetype1 ---
[INFO] [INFO] 
[INFO] [INFO] --- maven-resources-plugin:3.2.0:testResources (default-testResources) @ test-archetype1 ---
[INFO] [INFO] Using 'UTF-8' encoding to copy filtered resources.
[INFO] [INFO] Using 'UTF-8' encoding to copy filtered properties files.
[INFO] [INFO] skip non existing resourceDirectory /Users/batsatt/dev/helidon-build-tools/maven-plugins/helidon-archetype-maven-plugin/target/it/projects/test4/module1/src/test/resources
[INFO] [INFO] 
[INFO] [INFO] --- helidon-archetype-maven-plugin:3.0.0-SNAPSHOT:jar (default-jar) @ test-archetype1 ---
[INFO] [INFO] Processing maven-archetype-plugin compatibility
[INFO] [INFO] Rendering archetype-post-generate.groovy
[INFO] [INFO] Building jar: /Users/batsatt/dev/helidon-build-tools/maven-plugins/helidon-archetype-maven-plugin/target/it/projects/test4/module1/target/test-archetype1-3.0.0-SNAPSHOT.jar
[INFO] [INFO] 
[INFO] [INFO] --- helidon-archetype-maven-plugin:3.0.0-SNAPSHOT:integration-test (default-integration-test) @ test-archetype1 ---
[INFO] [INFO] Processing Archetype IT project: module1, combination 0
[INFO] [INFO] Installing /Users/batsatt/dev/helidon-build-tools/maven-plugins/helidon-archetype-maven-plugin/target/it/projects/test4/module1/target/test-archetype1-3.0.0-SNAPSHOT.jar to /Users/batsatt/dev/helidon-build-tools/maven-plugins/helidon-archetype-maven-plugin/target/it-repo/io/helidon/build-tools/archetype/tests/test-archetype1/3.0.0-SNAPSHOT/test-archetype1-3.0.0-SNAPSHOT.jar
[INFO] [INFO] Installing /Users/batsatt/dev/helidon-build-tools/maven-plugins/helidon-archetype-maven-plugin/target/it/projects/test4/module1/pom.xml to /Users/batsatt/dev/helidon-build-tools/maven-plugins/helidon-archetype-maven-plugin/target/it-repo/io/helidon/build-tools/archetype/tests/test-archetype1/3.0.0-SNAPSHOT/test-archetype1-3.0.0-SNAPSHOT.pom
[INFO] [INFO] ----------------------------------------------------------------------------
[INFO] [INFO] Using following parameters for creating project from Archetype: test-archetype1:3.0.0-SNAPSHOT
[INFO] [INFO] ----------------------------------------------------------------------------
[INFO] [INFO] Parameter: groupId, Value: io.helidon.build.maven.archetype.tests
[INFO] [INFO] Parameter: artifactId, Value: triangle-project
[INFO] [INFO] Parameter: version, Value: 0.1-SNAPSHOT
[INFO] [INFO] Parameter: package, Value: io.helidon.build.maven.archetype.tests
[INFO] [INFO] Parameter: packageInPathFormat, Value: io/helidon/build/maven/archetype/tests
[INFO] [INFO] Parameter: package, Value: io.helidon.build.maven.archetype.tests
[INFO] [INFO] Parameter: shape, Value: triangle
[INFO] [INFO] Parameter: groupId, Value: io.helidon.build.maven.archetype.tests
[INFO] [INFO] Parameter: name, Value: TODO-remove-me
[INFO] [INFO] Parameter: artifactId, Value: triangle-project
[INFO] [INFO] Parameter: version, Value: 0.1-SNAPSHOT
[INFO] [INFO] Executing META-INF/archetype-post-generate.groovy post-generation script
[INFO] WARNING: An illegal reflective access operation has occurred
[INFO] WARNING: Illegal reflective access by org.codehaus.groovy.reflection.CachedClass (file:/Users/batsatt/dev/helidon-build-tools/maven-plugins/helidon-archetype-maven-plugin/target/it-repo/org/codehaus/groovy/groovy/2.4.16/groovy-2.4.16.jar) to method java.lang.Object.finalize()
[INFO] WARNING: Please consider reporting this to the maintainers of org.codehaus.groovy.reflection.CachedClass
[INFO] WARNING: Use --illegal-access=warn to enable warnings of further illegal reflective access operations
[INFO] WARNING: All illegal access operations will be denied in a future release
[INFO] [INFO] Project created from Archetype in dir: /Users/batsatt/dev/helidon-build-tools/maven-plugins/helidon-archetype-maven-plugin/target/it/projects/test4/module1/target/test-classes/projects/triangle-project
[INFO] [INFO] Invoking post-archetype-generation goal: package
[INFO] [INFO] [INFO] Error stacktraces are turned on.
[INFO] [INFO] [INFO] Scanning for projects...
[INFO] [INFO] [INFO] 
[INFO] [INFO] [INFO] ------< io.helidon.build.maven.archetype.tests:triangle-project >-------
[INFO] [INFO] [INFO] Building triangle-project 0.1-SNAPSHOT
[INFO] [INFO] [INFO] --------------------------------[ jar ]---------------------------------
[INFO] [INFO] [INFO] 
[INFO] [INFO] [INFO] --- maven-resources-plugin:2.6:resources (default-resources) @ triangle-project ---
[INFO] [INFO] [INFO] Using 'UTF-8' encoding to copy filtered resources.
[INFO] [INFO] [INFO] skip non existing resourceDirectory /Users/batsatt/dev/helidon-build-tools/maven-plugins/helidon-archetype-maven-plugin/target/it/projects/test4/module1/target/test-classes/projects/triangle-project/src/main/resources
[INFO] [INFO] [INFO] 
[INFO] [INFO] [INFO] --- maven-compiler-plugin:3.1:compile (default-compile) @ triangle-project ---
[INFO] [INFO] [INFO] Changes detected - recompiling the module!
[INFO] [INFO] [INFO] Compiling 1 source file to /Users/batsatt/dev/helidon-build-tools/maven-plugins/helidon-archetype-maven-plugin/target/it/projects/test4/module1/target/test-classes/projects/triangle-project/target/classes
[INFO] [INFO] [INFO] 
[INFO] [INFO] [INFO] --- maven-resources-plugin:2.6:testResources (default-testResources) @ triangle-project ---
[INFO] [INFO] [INFO] Using 'UTF-8' encoding to copy filtered resources.
[INFO] [INFO] [INFO] skip non existing resourceDirectory /Users/batsatt/dev/helidon-build-tools/maven-plugins/helidon-archetype-maven-plugin/target/it/projects/test4/module1/target/test-classes/projects/triangle-project/src/test/resources
[INFO] [INFO] [INFO] 
[INFO] [INFO] [INFO] --- maven-compiler-plugin:3.1:testCompile (default-testCompile) @ triangle-project ---
[INFO] [INFO] [INFO] No sources to compile
[INFO] [INFO] [INFO] 
[INFO] [INFO] [INFO] --- maven-surefire-plugin:2.12.4:test (default-test) @ triangle-project ---
[INFO] [INFO] [INFO] No tests to run.
[INFO] [INFO] [INFO] 
[INFO] [INFO] [INFO] --- maven-jar-plugin:2.4:jar (default-jar) @ triangle-project ---
[INFO] [INFO] [INFO] Building jar: /Users/batsatt/dev/helidon-build-tools/maven-plugins/helidon-archetype-maven-plugin/target/it/projects/test4/module1/target/test-classes/projects/triangle-project/target/triangle-project-0.1-SNAPSHOT.jar
[INFO] [INFO] [INFO] ------------------------------------------------------------------------
[INFO] [INFO] [INFO] BUILD SUCCESS
[INFO] [INFO] [INFO] ------------------------------------------------------------------------
[INFO] [INFO] [INFO] Total time:  1.270 s
[INFO] [INFO] [INFO] Finished at: 2022-01-12T15:05:32-08:00
[INFO] [INFO] [INFO] ------------------------------------------------------------------------
[INFO] [INFO] Post-archetype-generation invoker exit code: 0
[INFO] [INFO] Processing Archetype IT project: module1, combination 1
[INFO] [INFO] Installing /Users/batsatt/dev/helidon-build-tools/maven-plugins/helidon-archetype-maven-plugin/target/it/projects/test4/module1/target/test-archetype1-3.0.0-SNAPSHOT.jar to /Users/batsatt/dev/helidon-build-tools/maven-plugins/helidon-archetype-maven-plugin/target/it-repo/io/helidon/build-tools/archetype/tests/test-archetype1/3.0.0-SNAPSHOT/test-archetype1-3.0.0-SNAPSHOT.jar
[INFO] [INFO] Installing /Users/batsatt/dev/helidon-build-tools/maven-plugins/helidon-archetype-maven-plugin/target/it/projects/test4/module1/pom.xml to /Users/batsatt/dev/helidon-build-tools/maven-plugins/helidon-archetype-maven-plugin/target/it-repo/io/helidon/build-tools/archetype/tests/test-archetype1/3.0.0-SNAPSHOT/test-archetype1-3.0.0-SNAPSHOT.pom
[INFO] [INFO] ----------------------------------------------------------------------------
[INFO] [INFO] Using following parameters for creating project from Archetype: test-archetype1:3.0.0-SNAPSHOT
[INFO] [INFO] ----------------------------------------------------------------------------
[INFO] [INFO] Parameter: groupId, Value: io.helidon.build.maven.archetype.tests
[INFO] [INFO] Parameter: artifactId, Value: rectangle-project
[INFO] [INFO] Parameter: version, Value: 0.1-SNAPSHOT
[INFO] [INFO] Parameter: package, Value: io.helidon.build.maven.archetype.tests
[INFO] [INFO] Parameter: packageInPathFormat, Value: io/helidon/build/maven/archetype/tests
[INFO] [INFO] Parameter: package, Value: io.helidon.build.maven.archetype.tests
[INFO] [INFO] Parameter: shape, Value: rectangle
[INFO] [INFO] Parameter: groupId, Value: io.helidon.build.maven.archetype.tests
[INFO] [INFO] Parameter: name, Value: TODO-remove-me
[INFO] [INFO] Parameter: artifactId, Value: rectangle-project
[INFO] [INFO] Parameter: version, Value: 0.1-SNAPSHOT
[INFO] [INFO] Executing META-INF/archetype-post-generate.groovy post-generation script
[INFO] [INFO] Project created from Archetype in dir: /Users/batsatt/dev/helidon-build-tools/maven-plugins/helidon-archetype-maven-plugin/target/it/projects/test4/module1/target/test-classes/projects/rectangle-project
[INFO] [INFO] Invoking post-archetype-generation goal: package
[INFO] [INFO] [INFO] Error stacktraces are turned on.
[INFO] [INFO] [INFO] Scanning for projects...
[INFO] [INFO] [INFO] 
[INFO] [INFO] [INFO] ------< io.helidon.build.maven.archetype.tests:rectangle-project >------
[INFO] [INFO] [INFO] Building rectangle-project 0.1-SNAPSHOT
[INFO] [INFO] [INFO] --------------------------------[ jar ]---------------------------------
[INFO] [INFO] [INFO] 
[INFO] [INFO] [INFO] --- maven-resources-plugin:2.6:resources (default-resources) @ rectangle-project ---
[INFO] [INFO] [INFO] Using 'UTF-8' encoding to copy filtered resources.
[INFO] [INFO] [INFO] skip non existing resourceDirectory /Users/batsatt/dev/helidon-build-tools/maven-plugins/helidon-archetype-maven-plugin/target/it/projects/test4/module1/target/test-classes/projects/rectangle-project/src/main/resources
[INFO] [INFO] [INFO] 
[INFO] [INFO] [INFO] --- maven-compiler-plugin:3.1:compile (default-compile) @ rectangle-project ---
[INFO] [INFO] [INFO] Changes detected - recompiling the module!
[INFO] [INFO] [INFO] Compiling 1 source file to /Users/batsatt/dev/helidon-build-tools/maven-plugins/helidon-archetype-maven-plugin/target/it/projects/test4/module1/target/test-classes/projects/rectangle-project/target/classes
[INFO] [INFO] [INFO] 
[INFO] [INFO] [INFO] --- maven-resources-plugin:2.6:testResources (default-testResources) @ rectangle-project ---
[INFO] [INFO] [INFO] Using 'UTF-8' encoding to copy filtered resources.
[INFO] [INFO] [INFO] skip non existing resourceDirectory /Users/batsatt/dev/helidon-build-tools/maven-plugins/helidon-archetype-maven-plugin/target/it/projects/test4/module1/target/test-classes/projects/rectangle-project/src/test/resources
[INFO] [INFO] [INFO] 
[INFO] [INFO] [INFO] --- maven-compiler-plugin:3.1:testCompile (default-testCompile) @ rectangle-project ---
[INFO] [INFO] [INFO] No sources to compile
[INFO] [INFO] [INFO] 
[INFO] [INFO] [INFO] --- maven-surefire-plugin:2.12.4:test (default-test) @ rectangle-project ---
[INFO] [INFO] [INFO] No tests to run.
[INFO] [INFO] [INFO] 
[INFO] [INFO] [INFO] --- maven-jar-plugin:2.4:jar (default-jar) @ rectangle-project ---
[INFO] [INFO] [INFO] Building jar: /Users/batsatt/dev/helidon-build-tools/maven-plugins/helidon-archetype-maven-plugin/target/it/projects/test4/module1/target/test-classes/projects/rectangle-project/target/rectangle-project-0.1-SNAPSHOT.jar
[INFO] [INFO] [INFO] ------------------------------------------------------------------------
[INFO] [INFO] [INFO] BUILD SUCCESS
[INFO] [INFO] [INFO] ------------------------------------------------------------------------
[INFO] [INFO] [INFO] Total time:  1.206 s
[INFO] [INFO] [INFO] Finished at: 2022-01-12T15:05:35-08:00
[INFO] [INFO] [INFO] ------------------------------------------------------------------------
[INFO] [INFO] Post-archetype-generation invoker exit code: 0
[INFO] [INFO] 
[INFO] [INFO] --- maven-install-plugin:3.0.0-M1:install (default-install) @ test-archetype1 ---
[INFO] [INFO] Installing /Users/batsatt/dev/helidon-build-tools/maven-plugins/helidon-archetype-maven-plugin/target/it/projects/test4/module1/target/test-archetype1-3.0.0-SNAPSHOT.jar to /Users/batsatt/dev/helidon-build-tools/maven-plugins/helidon-archetype-maven-plugin/target/it-repo/io/helidon/build-tools/archetype/tests/test-archetype1/3.0.0-SNAPSHOT/test-archetype1-3.0.0-SNAPSHOT.jar
[INFO] [INFO] Installing /Users/batsatt/dev/helidon-build-tools/maven-plugins/helidon-archetype-maven-plugin/target/it/projects/test4/module1/pom.xml to /Users/batsatt/dev/helidon-build-tools/maven-plugins/helidon-archetype-maven-plugin/target/it-repo/io/helidon/build-tools/archetype/tests/test-archetype1/3.0.0-SNAPSHOT/test-archetype1-3.0.0-SNAPSHOT.pom
[INFO] [INFO] 
[INFO] [INFO] -------< io.helidon.build-tools.archetype.tests:test-archetype2 >-------
[INFO] [INFO] Building Test Archetype 4 - Module 2 3.0.0-SNAPSHOT                [3/4]
[INFO] [INFO] -------------------------[ helidon-archetype ]--------------------------
[INFO] [INFO] 
[INFO] [INFO] --- maven-clean-plugin:2.5:clean (default-clean) @ test-archetype2 ---
[INFO] [INFO] 
[INFO] [INFO] --- maven-resources-plugin:3.2.0:testResources (default-testResources) @ test-archetype2 ---
[INFO] [INFO] Using 'UTF-8' encoding to copy filtered resources.
[INFO] [INFO] Using 'UTF-8' encoding to copy filtered properties files.
[INFO] [INFO] skip non existing resourceDirectory /Users/batsatt/dev/helidon-build-tools/maven-plugins/helidon-archetype-maven-plugin/target/it/projects/test4/module2/src/test/resources
[INFO] [INFO] 
[INFO] [INFO] --- helidon-archetype-maven-plugin:3.0.0-SNAPSHOT:jar (default-jar) @ test-archetype2 ---
[INFO] [INFO] Processing maven-archetype-plugin compatibility
[INFO] [INFO] Rendering archetype-post-generate.groovy
[INFO] [INFO] Building jar: /Users/batsatt/dev/helidon-build-tools/maven-plugins/helidon-archetype-maven-plugin/target/it/projects/test4/module2/target/test-archetype2-3.0.0-SNAPSHOT.jar
[INFO] [INFO] 
[INFO] [INFO] --- helidon-archetype-maven-plugin:3.0.0-SNAPSHOT:integration-test (default-integration-test) @ test-archetype2 ---
[INFO] [INFO] Processing Archetype IT project: module2
[INFO] [INFO] ------------------------------------------------------------------------
[INFO] [INFO] Reactor Summary for Test Archetype 4 3.0.0-SNAPSHOT:
[INFO] [INFO] 
[INFO] [INFO] Test Archetype 4 ................................... SUCCESS [  0.428 s]
[INFO] [INFO] Test Archetype 4 - Module 1 ........................ SUCCESS [  6.470 s]
[INFO] [INFO] Test Archetype 4 - Module 2 ........................ FAILURE [  0.041 s]
[INFO] [INFO] Test Archetype 4 - Module 3 ........................ SKIPPED
[INFO] [INFO] ------------------------------------------------------------------------
[INFO] [INFO] BUILD FAILURE
[INFO] [INFO] ------------------------------------------------------------------------
[INFO] [INFO] Total time:  7.798 s
[INFO] [INFO] Finished at: 2022-01-12T15:05:35-08:00
[INFO] [INFO] ------------------------------------------------------------------------
[INFO] [ERROR] Failed to execute goal io.helidon.build-tools:helidon-archetype-maven-plugin:3.0.0-SNAPSHOT:integration-test (default-integration-test) on project test-archetype2: Execution default-integration-test of goal io.helidon.build-tools:helidon-archetype-maven-plugin:3.0.0-SNAPSHOT:integration-test failed. NullPointerException -> [Help 1]
[INFO] org.apache.maven.lifecycle.LifecycleExecutionException: Failed to execute goal io.helidon.build-tools:helidon-archetype-maven-plugin:3.0.0-SNAPSHOT:integration-test (default-integration-test) on project test-archetype2: Execution default-integration-test of goal io.helidon.build-tools:helidon-archetype-maven-plugin:3.0.0-SNAPSHOT:integration-test failed.
[INFO]     at org.apache.maven.lifecycle.internal.MojoExecutor.execute (MojoExecutor.java:215)
[INFO]     at org.apache.maven.lifecycle.internal.MojoExecutor.execute (MojoExecutor.java:156)
[INFO]     at org.apache.maven.lifecycle.internal.MojoExecutor.execute (MojoExecutor.java:148)
[INFO]     at org.apache.maven.lifecycle.internal.LifecycleModuleBuilder.buildProject (LifecycleModuleBuilder.java:117)
[INFO]     at org.apache.maven.lifecycle.internal.LifecycleModuleBuilder.buildProject (LifecycleModuleBuilder.java:81)
[INFO]     at org.apache.maven.lifecycle.internal.builder.singlethreaded.SingleThreadedBuilder.build (SingleThreadedBuilder.java:56)
[INFO]     at org.apache.maven.lifecycle.internal.LifecycleStarter.execute (LifecycleStarter.java:128)
[INFO]     at org.apache.maven.DefaultMaven.doExecute (DefaultMaven.java:305)
[INFO]     at org.apache.maven.DefaultMaven.doExecute (DefaultMaven.java:192)
[INFO]     at org.apache.maven.DefaultMaven.execute (DefaultMaven.java:105)
[INFO]     at org.apache.maven.cli.MavenCli.execute (MavenCli.java:972)
[INFO]     at org.apache.maven.cli.MavenCli.doMain (MavenCli.java:293)
[INFO]     at org.apache.maven.cli.MavenCli.main (MavenCli.java:196)
[INFO]     at jdk.internal.reflect.NativeMethodAccessorImpl.invoke0 (Native Method)
[INFO]     at jdk.internal.reflect.NativeMethodAccessorImpl.invoke (NativeMethodAccessorImpl.java:62)
[INFO]     at jdk.internal.reflect.DelegatingMethodAccessorImpl.invoke (DelegatingMethodAccessorImpl.java:43)
[INFO]     at java.lang.reflect.Method.invoke (Method.java:566)
[INFO]     at org.codehaus.plexus.classworlds.launcher.Launcher.launchEnhanced (Launcher.java:282)
[INFO]     at org.codehaus.plexus.classworlds.launcher.Launcher.launch (Launcher.java:225)
[INFO]     at org.codehaus.plexus.classworlds.launcher.Launcher.mainWithExitCode (Launcher.java:406)
[INFO]     at org.codehaus.plexus.classworlds.launcher.Launcher.main (Launcher.java:347)
[INFO] Caused by: org.apache.maven.plugin.PluginExecutionException: Execution default-integration-test of goal io.helidon.build-tools:helidon-archetype-maven-plugin:3.0.0-SNAPSHOT:integration-test failed.
[INFO]     at org.apache.maven.plugin.DefaultBuildPluginManager.executeMojo (DefaultBuildPluginManager.java:148)
[INFO]     at org.apache.maven.lifecycle.internal.MojoExecutor.execute (MojoExecutor.java:210)
[INFO]     at org.apache.maven.lifecycle.internal.MojoExecutor.execute (MojoExecutor.java:156)
[INFO]     at org.apache.maven.lifecycle.internal.MojoExecutor.execute (MojoExecutor.java:148)
[INFO]     at org.apache.maven.lifecycle.internal.LifecycleModuleBuilder.buildProject (LifecycleModuleBuilder.java:117)
[INFO]     at org.apache.maven.lifecycle.internal.LifecycleModuleBuilder.buildProject (LifecycleModuleBuilder.java:81)
[INFO]     at org.apache.maven.lifecycle.internal.builder.singlethreaded.SingleThreadedBuilder.build (SingleThreadedBuilder.java:56)
[INFO]     at org.apache.maven.lifecycle.internal.LifecycleStarter.execute (LifecycleStarter.java:128)
[INFO]     at org.apache.maven.DefaultMaven.doExecute (DefaultMaven.java:305)
[INFO]     at org.apache.maven.DefaultMaven.doExecute (DefaultMaven.java:192)
[INFO]     at org.apache.maven.DefaultMaven.execute (DefaultMaven.java:105)
[INFO]     at org.apache.maven.cli.MavenCli.execute (MavenCli.java:972)
[INFO]     at org.apache.maven.cli.MavenCli.doMain (MavenCli.java:293)
[INFO]     at org.apache.maven.cli.MavenCli.main (MavenCli.java:196)
[INFO]     at jdk.internal.reflect.NativeMethodAccessorImpl.invoke0 (Native Method)
[INFO]     at jdk.internal.reflect.NativeMethodAccessorImpl.invoke (NativeMethodAccessorImpl.java:62)
[INFO]     at jdk.internal.reflect.DelegatingMethodAccessorImpl.invoke (DelegatingMethodAccessorImpl.java:43)
[INFO]     at java.lang.reflect.Method.invoke (Method.java:566)
[INFO]     at org.codehaus.plexus.classworlds.launcher.Launcher.launchEnhanced (Launcher.java:282)
[INFO]     at org.codehaus.plexus.classworlds.launcher.Launcher.launch (Launcher.java:225)
[INFO]     at org.codehaus.plexus.classworlds.launcher.Launcher.mainWithExitCode (Launcher.java:406)
[INFO]     at org.codehaus.plexus.classworlds.launcher.Launcher.main (Launcher.java:347)
[INFO] Caused by: java.lang.NullPointerException
[INFO]     at sun.nio.fs.UnixPath.normalizeAndCheck (UnixPath.java:75)
[INFO]     at sun.nio.fs.UnixPath.<init> (UnixPath.java:69)
[INFO]     at sun.nio.fs.UnixFileSystem.getPath (UnixFileSystem.java:279)
[INFO]     at java.nio.file.Path.resolve (Path.java:515)
[INFO]     at io.helidon.build.maven.archetype.IntegrationTestMojo.processIntegrationTest (IntegrationTestMojo.java:230)
[INFO]     at io.helidon.build.maven.archetype.IntegrationTestMojo.execute (IntegrationTestMojo.java:198)
[INFO]     at org.apache.maven.plugin.DefaultBuildPluginManager.executeMojo (DefaultBuildPluginManager.java:137)
[INFO]     at org.apache.maven.lifecycle.internal.MojoExecutor.execute (MojoExecutor.java:210)
[INFO]     at org.apache.maven.lifecycle.internal.MojoExecutor.execute (MojoExecutor.java:156)
[INFO]     at org.apache.maven.lifecycle.internal.MojoExecutor.execute (MojoExecutor.java:148)
[INFO]     at org.apache.maven.lifecycle.internal.LifecycleModuleBuilder.buildProject (LifecycleModuleBuilder.java:117)
[INFO]     at org.apache.maven.lifecycle.internal.LifecycleModuleBuilder.buildProject (LifecycleModuleBuilder.java:81)
[INFO]     at org.apache.maven.lifecycle.internal.builder.singlethreaded.SingleThreadedBuilder.build (SingleThreadedBuilder.java:56)
[INFO]     at org.apache.maven.lifecycle.internal.LifecycleStarter.execute (LifecycleStarter.java:128)
[INFO]     at org.apache.maven.DefaultMaven.doExecute (DefaultMaven.java:305)
[INFO]     at org.apache.maven.DefaultMaven.doExecute (DefaultMaven.java:192)
[INFO]     at org.apache.maven.DefaultMaven.execute (DefaultMaven.java:105)
[INFO]     at org.apache.maven.cli.MavenCli.execute (MavenCli.java:972)
[INFO]     at org.apache.maven.cli.MavenCli.doMain (MavenCli.java:293)
[INFO]     at org.apache.maven.cli.MavenCli.main (MavenCli.java:196)
[INFO]     at jdk.internal.reflect.NativeMethodAccessorImpl.invoke0 (Native Method)
[INFO]     at jdk.internal.reflect.NativeMethodAccessorImpl.invoke (NativeMethodAccessorImpl.java:62)
[INFO]     at jdk.internal.reflect.DelegatingMethodAccessorImpl.invoke (DelegatingMethodAccessorImpl.java:43)
[INFO]     at java.lang.reflect.Method.invoke (Method.java:566)
[INFO]     at org.codehaus.plexus.classworlds.launcher.Launcher.launchEnhanced (Launcher.java:282)
[INFO]     at org.codehaus.plexus.classworlds.launcher.Launcher.launch (Launcher.java:225)
[INFO]     at org.codehaus.plexus.classworlds.launcher.Launcher.mainWithExitCode (Launcher.java:406)
[INFO]     at org.codehaus.plexus.classworlds.launcher.Launcher.main (Launcher.java:347)
[INFO] [ERROR] 
[INFO] [ERROR] Re-run Maven using the -X switch to enable full debug logging.
[INFO] [ERROR] 
[INFO] [ERROR] For more information about the errors and possible solutions, please read the following articles:
[INFO] [ERROR] [Help 1] http://cwiki.apache.org/confluence/display/MAVEN/PluginExecutionException
[INFO] [ERROR] 
[INFO] [ERROR] After correcting the problems, you can resume the build with the command
[INFO] [ERROR]   mvn <args> -rf :test-archetype2
[INFO] run post-build script postbuild.groovy
[INFO] Running post-build script: /Users/batsatt/dev/helidon-build-tools/maven-plugins/helidon-archetype-maven-plugin/target/it/projects/test4/postbuild.groovy
[INFO] java.lang.AssertionError: 
Failures (1):
  Archetype Maven Plugin Integration Test 4:ProjectsTestIT:test4(String):[1] /Users/batsatt/dev/helidon-build-tools/maven-plugins/helidon-archetype-maven-plugin/target/it/projects/test4
    MethodSource [className = 'io.helidon.build.maven.archetype.ProjectsTestIT', methodName = 'test4', methodParameterTypes = 'java.lang.String']
    => java.lang.AssertionError: 
Expected: is <true>
     but: was <false>
       org.hamcrest.MatcherAssert.assertThat(MatcherAssert.java:20)
       org.hamcrest.MatcherAssert.assertThat(MatcherAssert.java:8)
       io.helidon.build.maven.archetype.ProjectsTestIT.projectsDir(ProjectsTestIT.java:94)
       io.helidon.build.maven.archetype.ProjectsTestIT.test4(ProjectsTestIT.java:75)
       java.base/jdk.internal.reflect.NativeMethodAccessorImpl.invoke0(Native Method)
       java.base/jdk.internal.reflect.NativeMethodAccessorImpl.invoke(NativeMethodAccessorImpl.java:62)
       java.base/jdk.internal.reflect.DelegatingMethodAccessorImpl.invoke(DelegatingMethodAccessorImpl.java:43)
       java.base/java.lang.reflect.Method.invoke(Method.java:566)
       org.junit.platform.commons.util.ReflectionUtils.invokeMethod(ReflectionUtils.java:688)
       org.junit.jupiter.engine.execution.MethodInvocation.proceed(MethodInvocation.java:60)
       [...]

	at io.helidon.build.common.test.utils.JUnitLauncher.launch0(JUnitLauncher.java:153)
	at io.helidon.build.common.test.utils.JUnitLauncher.launch(JUnitLauncher.java:116)
	at io.helidon.build.common.test.utils.JUnitLauncher$launch$0.call(Unknown Source)
	at org.codehaus.groovy.runtime.callsite.CallSiteArray.defaultCall(CallSiteArray.java:47)
	at org.codehaus.groovy.runtime.callsite.AbstractCallSite.call(AbstractCallSite.java:116)
	at org.codehaus.groovy.runtime.callsite.AbstractCallSite.call(AbstractCallSite.java:120)
	at Script1.run(Script1.groovy:25)
	at groovy.lang.GroovyShell.evaluate(GroovyShell.java:574)
	at groovy.lang.GroovyShell.evaluate(GroovyShell.java:612)
	at groovy.lang.GroovyShell.evaluate(GroovyShell.java:583)
	at org.apache.maven.shared.scriptinterpreter.GroovyScriptInterpreter.evaluateScript(GroovyScriptInterpreter.java:76)
	at org.apache.maven.shared.scriptinterpreter.ScriptRunner.executeRun(ScriptRunner.java:236)
	at org.apache.maven.shared.scriptinterpreter.ScriptRunner.run(ScriptRunner.java:161)
	at org.apache.maven.plugins.invoker.AbstractInvokerMojo.runPostBuildHook(AbstractInvokerMojo.java:2221)
	at org.apache.maven.plugins.invoker.AbstractInvokerMojo.runBuild(AbstractInvokerMojo.java:2196)
	at org.apache.maven.plugins.invoker.AbstractInvokerMojo.runBuild(AbstractInvokerMojo.java:1734)
	at org.apache.maven.plugins.invoker.AbstractInvokerMojo.runBuilds(AbstractInvokerMojo.java:1438)
	at org.apache.maven.plugins.invoker.AbstractInvokerMojo.execute(AbstractInvokerMojo.java:829)
	at org.apache.maven.plugin.DefaultBuildPluginManager.executeMojo(DefaultBuildPluginManager.java:137)
	at org.apache.maven.lifecycle.internal.MojoExecutor.execute(MojoExecutor.java:210)
	at org.apache.maven.lifecycle.internal.MojoExecutor.execute(MojoExecutor.java:156)
	at org.apache.maven.lifecycle.internal.MojoExecutor.execute(MojoExecutor.java:148)
	at org.apache.maven.lifecycle.internal.LifecycleModuleBuilder.buildProject(LifecycleModuleBuilder.java:117)
	at org.apache.maven.lifecycle.internal.LifecycleModuleBuilder.buildProject(LifecycleModuleBuilder.java:81)
	at org.apache.maven.lifecycle.internal.builder.singlethreaded.SingleThreadedBuilder.build(SingleThreadedBuilder.java:56)
	at org.apache.maven.lifecycle.internal.LifecycleStarter.execute(LifecycleStarter.java:128)
	at org.apache.maven.DefaultMaven.doExecute(DefaultMaven.java:305)
	at org.apache.maven.DefaultMaven.doExecute(DefaultMaven.java:192)
	at org.apache.maven.DefaultMaven.execute(DefaultMaven.java:105)
	at org.apache.maven.cli.MavenCli.execute(MavenCli.java:972)
	at org.apache.maven.cli.MavenCli.doMain(MavenCli.java:293)
	at org.apache.maven.cli.MavenCli.main(MavenCli.java:196)
	at java.base/jdk.internal.reflect.NativeMethodAccessorImpl.invoke0(Native Method)
	at java.base/jdk.internal.reflect.NativeMethodAccessorImpl.invoke(NativeMethodAccessorImpl.java:62)
	at java.base/jdk.internal.reflect.DelegatingMethodAccessorImpl.invoke(DelegatingMethodAccessorImpl.java:43)
	at java.base/java.lang.reflect.Method.invoke(Method.java:566)
	at org.codehaus.plexus.classworlds.launcher.Launcher.launchEnhanced(Launcher.java:282)
	at org.codehaus.plexus.classworlds.launcher.Launcher.launch(Launcher.java:225)
	at org.codehaus.plexus.classworlds.launcher.Launcher.mainWithExitCode(Launcher.java:406)
	at org.codehaus.plexus.classworlds.launcher.Launcher.main(Launcher.java:347)
[INFO]   java.lang.AssertionError: 
Failures (1):
  Archetype Maven Plugin Integration Test 4:ProjectsTestIT:test4(String):[1] /Users/batsatt/dev/helidon-build-tools/maven-plugins/helidon-archetype-maven-plugin/target/it/projects/test4
    MethodSource [className = 'io.helidon.build.maven.archetype.ProjectsTestIT', methodName = 'test4', methodParameterTypes = 'java.lang.String']
    => java.lang.AssertionError: 
Expected: is <true>
     but: was <false>
       org.hamcrest.MatcherAssert.assertThat(MatcherAssert.java:20)
       org.hamcrest.MatcherAssert.assertThat(MatcherAssert.java:8)
       io.helidon.build.maven.archetype.ProjectsTestIT.projectsDir(ProjectsTestIT.java:94)
       io.helidon.build.maven.archetype.ProjectsTestIT.test4(ProjectsTestIT.java:75)
       java.base/jdk.internal.reflect.NativeMethodAccessorImpl.invoke0(Native Method)
       java.base/jdk.internal.reflect.NativeMethodAccessorImpl.invoke(NativeMethodAccessorImpl.java:62)
       java.base/jdk.internal.reflect.DelegatingMethodAccessorImpl.invoke(DelegatingMethodAccessorImpl.java:43)
       java.base/java.lang.reflect.Method.invoke(Method.java:566)
       org.junit.platform.commons.util.ReflectionUtils.invokeMethod(ReflectionUtils.java:688)
       org.junit.jupiter.engine.execution.MethodInvocation.proceed(MethodInvocation.java:60)
       [...]

[INFO]           projects/test4/pom.xml ........................... FAILED (9.3 s)
[INFO] Building: projects/test3/pom.xml
[INFO] [INFO] Error stacktraces are turned on.
[INFO] [INFO] Scanning for projects...
[INFO] [INFO] 
[INFO] [INFO] -------< io.helidon.build-tools.archetype.tests:test-archetype1 >-------
[INFO] [INFO] Building Test Archetype 3 3.0.0-SNAPSHOT
[INFO] [INFO] -------------------------[ helidon-archetype ]--------------------------
[INFO] [INFO] 
[INFO] [INFO] --- maven-clean-plugin:2.5:clean (default-clean) @ test-archetype1 ---
[INFO] [INFO] 
[INFO] [INFO] --- maven-resources-plugin:3.2.0:testResources (default-testResources) @ test-archetype1 ---
[INFO] [INFO] Using 'UTF-8' encoding to copy filtered resources.
[INFO] [INFO] Using 'UTF-8' encoding to copy filtered properties files.
[INFO] [INFO] skip non existing resourceDirectory /Users/batsatt/dev/helidon-build-tools/maven-plugins/helidon-archetype-maven-plugin/target/it/projects/test3/src/test/resources
[INFO] [INFO] 
[INFO] [INFO] --- helidon-archetype-maven-plugin:3.0.0-SNAPSHOT:jar (default-jar) @ test-archetype1 ---
[INFO] [INFO] Processing maven-archetype-plugin compatibility
[INFO] [INFO] Rendering archetype-post-generate.groovy
[INFO] [INFO] Building jar: /Users/batsatt/dev/helidon-build-tools/maven-plugins/helidon-archetype-maven-plugin/target/it/projects/test3/target/test-archetype1-3.0.0-SNAPSHOT.jar
[INFO] [INFO] 
[INFO] [INFO] --- helidon-archetype-maven-plugin:3.0.0-SNAPSHOT:integration-test (default-integration-test) @ test-archetype1 ---
[INFO] [INFO] Processing Archetype IT project: test3, combination 0
[INFO] [INFO] Installing /Users/batsatt/dev/helidon-build-tools/maven-plugins/helidon-archetype-maven-plugin/target/it/projects/test3/target/test-archetype1-3.0.0-SNAPSHOT.jar to /Users/batsatt/dev/helidon-build-tools/maven-plugins/helidon-archetype-maven-plugin/target/it-repo/io/helidon/build-tools/archetype/tests/test-archetype1/3.0.0-SNAPSHOT/test-archetype1-3.0.0-SNAPSHOT.jar
[INFO] [INFO] Installing /Users/batsatt/dev/helidon-build-tools/maven-plugins/helidon-archetype-maven-plugin/target/it/projects/test3/pom.xml to /Users/batsatt/dev/helidon-build-tools/maven-plugins/helidon-archetype-maven-plugin/target/it-repo/io/helidon/build-tools/archetype/tests/test-archetype1/3.0.0-SNAPSHOT/test-archetype1-3.0.0-SNAPSHOT.pom
[INFO] [INFO] ----------------------------------------------------------------------------
[INFO] [INFO] Using following parameters for creating project from Archetype: test-archetype1:3.0.0-SNAPSHOT
[INFO] [INFO] ----------------------------------------------------------------------------
[INFO] [INFO] Parameter: groupId, Value: io.helidon.build.maven.archetype.tests
[INFO] [INFO] Parameter: artifactId, Value: rectangle-project
[INFO] [INFO] Parameter: version, Value: 0.1-SNAPSHOT
[INFO] [INFO] Parameter: package, Value: io.helidon.build.maven.archetype.tests
[INFO] [INFO] Parameter: packageInPathFormat, Value: io/helidon/build/maven/archetype/tests
[INFO] [INFO] Parameter: package, Value: io.helidon.build.maven.archetype.tests
[INFO] [INFO] Parameter: shape, Value: rectangle
[INFO] [INFO] Parameter: groupId, Value: io.helidon.build.maven.archetype.tests
[INFO] [INFO] Parameter: name, Value: TODO-remove-me
[INFO] [INFO] Parameter: artifactId, Value: rectangle-project
[INFO] [INFO] Parameter: version, Value: 0.1-SNAPSHOT
[INFO] [INFO] Executing META-INF/archetype-post-generate.groovy post-generation script
[INFO] WARNING: An illegal reflective access operation has occurred
[INFO] WARNING: Illegal reflective access by org.codehaus.groovy.reflection.CachedClass (file:/Users/batsatt/dev/helidon-build-tools/maven-plugins/helidon-archetype-maven-plugin/target/it-repo/org/codehaus/groovy/groovy/2.4.16/groovy-2.4.16.jar) to method java.lang.Object.finalize()
[INFO] WARNING: Please consider reporting this to the maintainers of org.codehaus.groovy.reflection.CachedClass
[INFO] WARNING: Use --illegal-access=warn to enable warnings of further illegal reflective access operations
[INFO] WARNING: All illegal access operations will be denied in a future release
[INFO] [INFO] Project created from Archetype in dir: /Users/batsatt/dev/helidon-build-tools/maven-plugins/helidon-archetype-maven-plugin/target/it/projects/test3/target/test-classes/projects/rectangle-project
[INFO] [INFO] Invoking post-archetype-generation goal: package
[INFO] [INFO] [INFO] Error stacktraces are turned on.
[INFO] [INFO] [INFO] Scanning for projects...
[INFO] [INFO] [INFO] 
[INFO] [INFO] [INFO] ------< io.helidon.build.maven.archetype.tests:rectangle-project >------
[INFO] [INFO] [INFO] Building rectangle-project 0.1-SNAPSHOT
[INFO] [INFO] [INFO] --------------------------------[ jar ]---------------------------------
[INFO] [INFO] [INFO] 
[INFO] [INFO] [INFO] --- maven-resources-plugin:2.6:resources (default-resources) @ rectangle-project ---
[INFO] [INFO] [INFO] Using 'UTF-8' encoding to copy filtered resources.
[INFO] [INFO] [INFO] skip non existing resourceDirectory /Users/batsatt/dev/helidon-build-tools/maven-plugins/helidon-archetype-maven-plugin/target/it/projects/test3/target/test-classes/projects/rectangle-project/src/main/resources
[INFO] [INFO] [INFO] 
[INFO] [INFO] [INFO] --- maven-compiler-plugin:3.1:compile (default-compile) @ rectangle-project ---
[INFO] [INFO] [INFO] Changes detected - recompiling the module!
[INFO] [INFO] [INFO] Compiling 1 source file to /Users/batsatt/dev/helidon-build-tools/maven-plugins/helidon-archetype-maven-plugin/target/it/projects/test3/target/test-classes/projects/rectangle-project/target/classes
[INFO] [INFO] [INFO] 
[INFO] [INFO] [INFO] --- maven-resources-plugin:2.6:testResources (default-testResources) @ rectangle-project ---
[INFO] [INFO] [INFO] Using 'UTF-8' encoding to copy filtered resources.
[INFO] [INFO] [INFO] skip non existing resourceDirectory /Users/batsatt/dev/helidon-build-tools/maven-plugins/helidon-archetype-maven-plugin/target/it/projects/test3/target/test-classes/projects/rectangle-project/src/test/resources
[INFO] [INFO] [INFO] 
[INFO] [INFO] [INFO] --- maven-compiler-plugin:3.1:testCompile (default-testCompile) @ rectangle-project ---
[INFO] [INFO] [INFO] No sources to compile
[INFO] [INFO] [INFO] 
[INFO] [INFO] [INFO] --- maven-surefire-plugin:2.12.4:test (default-test) @ rectangle-project ---
[INFO] [INFO] [INFO] No tests to run.
[INFO] [INFO] [INFO] 
[INFO] [INFO] [INFO] --- maven-jar-plugin:2.4:jar (default-jar) @ rectangle-project ---
[INFO] [INFO] [INFO] Building jar: /Users/batsatt/dev/helidon-build-tools/maven-plugins/helidon-archetype-maven-plugin/target/it/projects/test3/target/test-classes/projects/rectangle-project/target/rectangle-project-0.1-SNAPSHOT.jar
[INFO] [INFO] [INFO] ------------------------------------------------------------------------
[INFO] [INFO] [INFO] BUILD SUCCESS
[INFO] [INFO] [INFO] ------------------------------------------------------------------------
[INFO] [INFO] [INFO] Total time:  1.216 s
[INFO] [INFO] [INFO] Finished at: 2022-01-12T15:05:40-08:00
[INFO] [INFO] [INFO] ------------------------------------------------------------------------
[INFO] [INFO] Post-archetype-generation invoker exit code: 0
[INFO] [INFO] 
[INFO] [INFO] --- maven-install-plugin:3.0.0-M1:install (default-install) @ test-archetype1 ---
[INFO] [INFO] Installing /Users/batsatt/dev/helidon-build-tools/maven-plugins/helidon-archetype-maven-plugin/target/it/projects/test3/target/test-archetype1-3.0.0-SNAPSHOT.jar to /Users/batsatt/dev/helidon-build-tools/maven-plugins/helidon-archetype-maven-plugin/target/it-repo/io/helidon/build-tools/archetype/tests/test-archetype1/3.0.0-SNAPSHOT/test-archetype1-3.0.0-SNAPSHOT.jar
[INFO] [INFO] Installing /Users/batsatt/dev/helidon-build-tools/maven-plugins/helidon-archetype-maven-plugin/target/it/projects/test3/pom.xml to /Users/batsatt/dev/helidon-build-tools/maven-plugins/helidon-archetype-maven-plugin/target/it-repo/io/helidon/build-tools/archetype/tests/test-archetype1/3.0.0-SNAPSHOT/test-archetype1-3.0.0-SNAPSHOT.pom
[INFO] [INFO] ------------------------------------------------------------------------
[INFO] [INFO] BUILD SUCCESS
[INFO] [INFO] ------------------------------------------------------------------------
[INFO] [INFO] Total time:  4.548 s
[INFO] [INFO] Finished at: 2022-01-12T15:05:41-08:00
[INFO] [INFO] ------------------------------------------------------------------------
[INFO] run post-build script postbuild.groovy
[INFO] Running post-build script: /Users/batsatt/dev/helidon-build-tools/maven-plugins/helidon-archetype-maven-plugin/target/it/projects/test3/postbuild.groovy
[INFO] Finished post-build script: /Users/batsatt/dev/helidon-build-tools/maven-plugins/helidon-archetype-maven-plugin/target/it/projects/test3/postbuild.groovy
[INFO]           projects/test3/pom.xml ........................... SUCCESS (5.9 s)
[INFO] Building: projects/test2/pom.xml
[INFO] [INFO] Error stacktraces are turned on.
[INFO] [INFO] Scanning for projects...
[INFO] [INFO] 
[INFO] [INFO] -------< io.helidon.build-tools.archetype.tests:test-archetype1 >-------
[INFO] [INFO] Building Test Archetype 3 3.0.0-SNAPSHOT
[INFO] [INFO] -------------------------[ helidon-archetype ]--------------------------
[INFO] [INFO] 
[INFO] [INFO] --- maven-clean-plugin:2.5:clean (default-clean) @ test-archetype1 ---
[INFO] [INFO] 
[INFO] [INFO] --- maven-resources-plugin:3.2.0:testResources (default-testResources) @ test-archetype1 ---
[INFO] [INFO] Using 'UTF-8' encoding to copy filtered resources.
[INFO] [INFO] Using 'UTF-8' encoding to copy filtered properties files.
[INFO] [INFO] skip non existing resourceDirectory /Users/batsatt/dev/helidon-build-tools/maven-plugins/helidon-archetype-maven-plugin/target/it/projects/test2/src/test/resources
[INFO] [INFO] 
[INFO] [INFO] --- helidon-archetype-maven-plugin:3.0.0-SNAPSHOT:jar (default-jar) @ test-archetype1 ---
[INFO] [INFO] Building jar: /Users/batsatt/dev/helidon-build-tools/maven-plugins/helidon-archetype-maven-plugin/target/it/projects/test2/target/test-archetype1-3.0.0-SNAPSHOT.jar
[INFO] [INFO] 
[INFO] [INFO] --- helidon-archetype-maven-plugin:3.0.0-SNAPSHOT:integration-test (default-integration-test) @ test-archetype1 ---
[INFO] [INFO] Processing Archetype IT project: test2, combination 0
[INFO] [INFO] Invoking post-archetype-generation goal: package
[INFO] [INFO] [INFO] Error stacktraces are turned on.
[INFO] [INFO] [INFO] Scanning for projects...
[INFO] [INFO] [INFO] 
[INFO] [INFO] [INFO] -------< io.helidon.build.maven.archetype.tests:circle-project >--------
[INFO] [INFO] [INFO] Building circle-project 0.1-SNAPSHOT
[INFO] [INFO] [INFO] --------------------------------[ jar ]---------------------------------
[INFO] [INFO] [INFO] 
[INFO] [INFO] [INFO] --- maven-resources-plugin:2.6:resources (default-resources) @ circle-project ---
[INFO] [INFO] [INFO] Using 'UTF-8' encoding to copy filtered resources.
[INFO] [INFO] [INFO] skip non existing resourceDirectory /Users/batsatt/dev/helidon-build-tools/maven-plugins/helidon-archetype-maven-plugin/target/it/projects/test2/target/test-classes/projects/circle-project/src/main/resources
[INFO] [INFO] [INFO] 
[INFO] [INFO] [INFO] --- maven-compiler-plugin:3.1:compile (default-compile) @ circle-project ---
[INFO] [INFO] [INFO] Changes detected - recompiling the module!
[INFO] [INFO] [INFO] Compiling 1 source file to /Users/batsatt/dev/helidon-build-tools/maven-plugins/helidon-archetype-maven-plugin/target/it/projects/test2/target/test-classes/projects/circle-project/target/classes
[INFO] [INFO] [INFO] 
[INFO] [INFO] [INFO] --- maven-resources-plugin:2.6:testResources (default-testResources) @ circle-project ---
[INFO] [INFO] [INFO] Using 'UTF-8' encoding to copy filtered resources.
[INFO] [INFO] [INFO] skip non existing resourceDirectory /Users/batsatt/dev/helidon-build-tools/maven-plugins/helidon-archetype-maven-plugin/target/it/projects/test2/target/test-classes/projects/circle-project/src/test/resources
[INFO] [INFO] [INFO] 
[INFO] [INFO] [INFO] --- maven-compiler-plugin:3.1:testCompile (default-testCompile) @ circle-project ---
[INFO] [INFO] [INFO] No sources to compile
[INFO] [INFO] [INFO] 
[INFO] [INFO] [INFO] --- maven-surefire-plugin:2.12.4:test (default-test) @ circle-project ---
[INFO] [INFO] [INFO] No tests to run.
[INFO] [INFO] [INFO] 
[INFO] [INFO] [INFO] --- maven-jar-plugin:2.4:jar (default-jar) @ circle-project ---
[INFO] [INFO] [INFO] Building jar: /Users/batsatt/dev/helidon-build-tools/maven-plugins/helidon-archetype-maven-plugin/target/it/projects/test2/target/test-classes/projects/circle-project/target/circle-project-0.1-SNAPSHOT.jar
[INFO] [INFO] [INFO] ------------------------------------------------------------------------
[INFO] [INFO] [INFO] BUILD SUCCESS
[INFO] [INFO] [INFO] ------------------------------------------------------------------------
[INFO] [INFO] [INFO] Total time:  1.160 s
[INFO] [INFO] [INFO] Finished at: 2022-01-12T15:05:45-08:00
[INFO] [INFO] [INFO] ------------------------------------------------------------------------
[INFO] [INFO] Post-archetype-generation invoker exit code: 0
[INFO] [INFO] Processing Archetype IT project: test2, combination 1
[INFO] [INFO] Invoking post-archetype-generation goal: package
[INFO] [INFO] [INFO] Error stacktraces are turned on.
[INFO] [INFO] [INFO] Scanning for projects...
[INFO] [INFO] [INFO] 
[INFO] [INFO] [INFO] -------< io.helidon.build.maven.archetype.tests:square-project >--------
[INFO] [INFO] [INFO] Building square-project 0.1-SNAPSHOT
[INFO] [INFO] [INFO] --------------------------------[ jar ]---------------------------------
[INFO] [INFO] [INFO] 
[INFO] [INFO] [INFO] --- maven-resources-plugin:2.6:resources (default-resources) @ square-project ---
[INFO] [INFO] [INFO] Using 'UTF-8' encoding to copy filtered resources.
[INFO] [INFO] [INFO] skip non existing resourceDirectory /Users/batsatt/dev/helidon-build-tools/maven-plugins/helidon-archetype-maven-plugin/target/it/projects/test2/target/test-classes/projects/square-project/src/main/resources
[INFO] [INFO] [INFO] 
[INFO] [INFO] [INFO] --- maven-compiler-plugin:3.1:compile (default-compile) @ square-project ---
[INFO] [INFO] [INFO] Changes detected - recompiling the module!
[INFO] [INFO] [INFO] Compiling 1 source file to /Users/batsatt/dev/helidon-build-tools/maven-plugins/helidon-archetype-maven-plugin/target/it/projects/test2/target/test-classes/projects/square-project/target/classes
[INFO] [INFO] [INFO] 
[INFO] [INFO] [INFO] --- maven-resources-plugin:2.6:testResources (default-testResources) @ square-project ---
[INFO] [INFO] [INFO] Using 'UTF-8' encoding to copy filtered resources.
[INFO] [INFO] [INFO] skip non existing resourceDirectory /Users/batsatt/dev/helidon-build-tools/maven-plugins/helidon-archetype-maven-plugin/target/it/projects/test2/target/test-classes/projects/square-project/src/test/resources
[INFO] [INFO] [INFO] 
[INFO] [INFO] [INFO] --- maven-compiler-plugin:3.1:testCompile (default-testCompile) @ square-project ---
[INFO] [INFO] [INFO] No sources to compile
[INFO] [INFO] [INFO] 
[INFO] [INFO] [INFO] --- maven-surefire-plugin:2.12.4:test (default-test) @ square-project ---
[INFO] [INFO] [INFO] No tests to run.
[INFO] [INFO] [INFO] 
[INFO] [INFO] [INFO] --- maven-jar-plugin:2.4:jar (default-jar) @ square-project ---
[INFO] [INFO] [INFO] Building jar: /Users/batsatt/dev/helidon-build-tools/maven-plugins/helidon-archetype-maven-plugin/target/it/projects/test2/target/test-classes/projects/square-project/target/square-project-0.1-SNAPSHOT.jar
[INFO] [INFO] [INFO] ------------------------------------------------------------------------
[INFO] [INFO] [INFO] BUILD SUCCESS
[INFO] [INFO] [INFO] ------------------------------------------------------------------------
[INFO] [INFO] [INFO] Total time:  1.173 s
[INFO] [INFO] [INFO] Finished at: 2022-01-12T15:05:48-08:00
[INFO] [INFO] [INFO] ------------------------------------------------------------------------
[INFO] [INFO] Post-archetype-generation invoker exit code: 0
[INFO] [INFO] 
[INFO] [INFO] --- maven-install-plugin:3.0.0-M1:install (default-install) @ test-archetype1 ---
[INFO] [INFO] Installing /Users/batsatt/dev/helidon-build-tools/maven-plugins/helidon-archetype-maven-plugin/target/it/projects/test2/target/test-archetype1-3.0.0-SNAPSHOT.jar to /Users/batsatt/dev/helidon-build-tools/maven-plugins/helidon-archetype-maven-plugin/target/it-repo/io/helidon/build-tools/archetype/tests/test-archetype1/3.0.0-SNAPSHOT/test-archetype1-3.0.0-SNAPSHOT.jar
[INFO] [INFO] Installing /Users/batsatt/dev/helidon-build-tools/maven-plugins/helidon-archetype-maven-plugin/target/it/projects/test2/pom.xml to /Users/batsatt/dev/helidon-build-tools/maven-plugins/helidon-archetype-maven-plugin/target/it-repo/io/helidon/build-tools/archetype/tests/test-archetype1/3.0.0-SNAPSHOT/test-archetype1-3.0.0-SNAPSHOT.pom
[INFO] [INFO] ------------------------------------------------------------------------
[INFO] [INFO] BUILD SUCCESS
[INFO] [INFO] ------------------------------------------------------------------------
[INFO] [INFO] Total time:  5.850 s
[INFO] [INFO] Finished at: 2022-01-12T15:05:48-08:00
[INFO] [INFO] ------------------------------------------------------------------------
[INFO] run post-build script postbuild.groovy
[INFO] Running post-build script: /Users/batsatt/dev/helidon-build-tools/maven-plugins/helidon-archetype-maven-plugin/target/it/projects/test2/postbuild.groovy
[INFO] Finished post-build script: /Users/batsatt/dev/helidon-build-tools/maven-plugins/helidon-archetype-maven-plugin/target/it/projects/test2/postbuild.groovy
[INFO]           projects/test2/pom.xml ........................... SUCCESS (7.2 s)
[INFO] 
[INFO] --- maven-invoker-plugin:3.2.2:verify (default) @ helidon-archetype-maven-plugin ---
[INFO] -------------------------------------------------
[INFO] Build Summary:
[INFO]   Passed: 3, Failed: 1, Errors: 0, Skipped: 0
[INFO] -------------------------------------------------
[ERROR] The following builds failed:
[ERROR] *  projects/test4/pom.xml
[INFO] -------------------------------------------------
[INFO] ------------------------------------------------------------------------
[INFO] BUILD FAILURE
[INFO] ------------------------------------------------------------------------
[INFO] Total time:  49.572 s
[INFO] Finished at: 2022-01-12T15:05:48-08:00
[INFO] ------------------------------------------------------------------------
[ERROR] Failed to execute goal org.apache.maven.plugins:maven-invoker-plugin:3.2.2:verify (default) on project helidon-archetype-maven-plugin: 1 build failed. See console output above for details. -> [Help 1]
[ERROR] 
[ERROR] To see the full stack trace of the errors, re-run Maven with the -e switch.
[ERROR] Re-run Maven using the -X switch to enable full debug logging.
[ERROR] 
[ERROR] For more information about the errors and possible solutions, please read the following articles:
[ERROR] [Help 1] http://cwiki.apache.org/confluence/display/MAVEN/MojoFailureException
